{"/Users/casey/Developer/github/mcp-ts-template/src/index.ts": {"path":"/Users/casey/Developer/github/mcp-ts-template/src/index.ts","statementMap":{"0":{"start":{"line":19,"column":22},"end":{"line":19,"column":null}},"1":{"start":{"line":20,"column":20},"end":{"line":20,"column":null}},"2":{"start":{"line":21,"column":29},"end":{"line":21,"column":null}},"3":{"start":{"line":23,"column":0},"end":{"line":26,"column":null}},"4":{"start":{"line":24,"column":2},"end":{"line":24,"column":null}},"5":{"start":{"line":25,"column":2},"end":{"line":25,"column":null}},"6":{"start":{"line":51,"column":21},"end":{"line":51,"column":null}},"7":{"start":{"line":53,"column":17},"end":{"line":97,"column":null}},"8":{"start":{"line":54,"column":2},"end":{"line":56,"column":null}},"9":{"start":{"line":55,"column":4},"end":{"line":55,"column":null}},"10":{"start":{"line":57,"column":2},"end":{"line":57,"column":null}},"11":{"start":{"line":59,"column":26},"end":{"line":62,"column":null}},"12":{"start":{"line":64,"column":2},"end":{"line":67,"column":null}},"13":{"start":{"line":69,"column":2},"end":{"line":96,"column":null}},"14":{"start":{"line":70,"column":4},"end":{"line":72,"column":null}},"15":{"start":{"line":71,"column":6},"end":{"line":71,"column":null}},"16":{"start":{"line":74,"column":4},"end":{"line":77,"column":null}},"17":{"start":{"line":80,"column":4},"end":{"line":80,"column":null}},"18":{"start":{"line":81,"column":4},"end":{"line":81,"column":null}},"19":{"start":{"line":83,"column":4},"end":{"line":83,"column":null}},"20":{"start":{"line":85,"column":4},"end":{"line":89,"column":null}},"21":{"start":{"line":90,"column":4},"end":{"line":94,"column":null}},"22":{"start":{"line":91,"column":6},"end":{"line":91,"column":null}},"23":{"start":{"line":95,"column":4},"end":{"line":95,"column":null}},"24":{"start":{"line":99,"column":14},"end":{"line":210,"column":null}},"25":{"start":{"line":100,"column":2},"end":{"line":114,"column":null}},"26":{"start":{"line":102,"column":4},"end":{"line":102,"column":null}},"27":{"start":{"line":104,"column":4},"end":{"line":104,"column":null}},"28":{"start":{"line":107,"column":4},"end":{"line":110,"column":null}},"29":{"start":{"line":109,"column":6},"end":{"line":109,"column":null}},"30":{"start":{"line":112,"column":4},"end":{"line":112,"column":null}},"31":{"start":{"line":113,"column":4},"end":{"line":113,"column":null}},"32":{"start":{"line":118,"column":2},"end":{"line":124,"column":null}},"33":{"start":{"line":119,"column":4},"end":{"line":119,"column":null}},"34":{"start":{"line":122,"column":4},"end":{"line":122,"column":null}},"35":{"start":{"line":127,"column":2},"end":{"line":127,"column":null}},"36":{"start":{"line":129,"column":43},"end":{"line":138,"column":null}},"37":{"start":{"line":139,"column":32},"end":{"line":139,"column":null}},"38":{"start":{"line":141,"column":42},"end":{"line":141,"column":null}},"39":{"start":{"line":142,"column":2},"end":{"line":150,"column":null}},"40":{"start":{"line":143,"column":4},"end":{"line":143,"column":null}},"41":{"start":{"line":145,"column":4},"end":{"line":149,"column":null}},"42":{"start":{"line":146,"column":6},"end":{"line":148,"column":null}},"43":{"start":{"line":153,"column":2},"end":{"line":153,"column":null}},"44":{"start":{"line":156,"column":2},"end":{"line":159,"column":null}},"45":{"start":{"line":161,"column":2},"end":{"line":161,"column":null}},"46":{"start":{"line":163,"column":25},"end":{"line":168,"column":null}},"47":{"start":{"line":170,"column":2},"end":{"line":173,"column":null}},"48":{"start":{"line":175,"column":2},"end":{"line":209,"column":null}},"49":{"start":{"line":176,"column":4},"end":{"line":176,"column":null}},"50":{"start":{"line":178,"column":4},"end":{"line":181,"column":null}},"51":{"start":{"line":183,"column":4},"end":{"line":183,"column":null}},"52":{"start":{"line":183,"column":32},"end":{"line":183,"column":56}},"53":{"start":{"line":184,"column":4},"end":{"line":184,"column":null}},"54":{"start":{"line":184,"column":31},"end":{"line":184,"column":54}},"55":{"start":{"line":185,"column":4},"end":{"line":192,"column":null}},"56":{"start":{"line":186,"column":6},"end":{"line":190,"column":null}},"57":{"start":{"line":191,"column":6},"end":{"line":191,"column":null}},"58":{"start":{"line":193,"column":4},"end":{"line":200,"column":null}},"59":{"start":{"line":194,"column":6},"end":{"line":198,"column":null}},"60":{"start":{"line":199,"column":6},"end":{"line":199,"column":null}},"61":{"start":{"line":202,"column":4},"end":{"line":206,"column":null}},"62":{"start":{"line":207,"column":4},"end":{"line":207,"column":null}},"63":{"start":{"line":208,"column":4},"end":{"line":208,"column":null}},"64":{"start":{"line":212,"column":0},"end":{"line":221,"column":null}},"65":{"start":{"line":213,"column":2},"end":{"line":220,"column":null}},"66":{"start":{"line":214,"column":4},"end":{"line":214,"column":null}},"67":{"start":{"line":216,"column":4},"end":{"line":218,"column":null}},"68":{"start":{"line":217,"column":6},"end":{"line":217,"column":null}},"69":{"start":{"line":219,"column":4},"end":{"line":219,"column":null}}},"fnMap":{"0":{"name":"(anonymous_0)","decl":{"start":{"line":53,"column":17},"end":{"line":53,"column":24}},"loc":{"start":{"line":53,"column":58},"end":{"line":97,"column":null}}},"1":{"name":"(anonymous_1)","decl":{"start":{"line":99,"column":14},"end":{"line":99,"column":41}},"loc":{"start":{"line":99,"column":41},"end":{"line":210,"column":null}}},"2":{"name":"(anonymous_2)","decl":{"start":{"line":183,"column":26},"end":{"line":183,"column":32}},"loc":{"start":{"line":183,"column":32},"end":{"line":183,"column":56}}},"3":{"name":"(anonymous_3)","decl":{"start":{"line":184,"column":25},"end":{"line":184,"column":31}},"loc":{"start":{"line":184,"column":31},"end":{"line":184,"column":54}}},"4":{"name":"(anonymous_4)","decl":{"start":{"line":185,"column":36},"end":{"line":185,"column":37}},"loc":{"start":{"line":185,"column":54},"end":{"line":192,"column":5}}},"5":{"name":"(anonymous_5)","decl":{"start":{"line":193,"column":37},"end":{"line":193,"column":38}},"loc":{"start":{"line":193,"column":58},"end":{"line":200,"column":5}}},"6":{"name":"(anonymous_6)","decl":{"start":{"line":212,"column":6},"end":{"line":212,"column":18}},"loc":{"start":{"line":212,"column":18},"end":{"line":221,"column":3}}}},"branchMap":{"0":{"loc":{"start":{"line":20,"column":20},"end":{"line":20,"column":null}},"type":"binary-expr","locations":[{"start":{"line":20,"column":20},"end":{"line":20,"column":38}},{"start":{"line":20,"column":38},"end":{"line":20,"column":null}}]},"1":{"loc":{"start":{"line":21,"column":29},"end":{"line":21,"column":null}},"type":"binary-expr","locations":[{"start":{"line":21,"column":29},"end":{"line":21,"column":57}},{"start":{"line":21,"column":57},"end":{"line":21,"column":null}}]},"2":{"loc":{"start":{"line":23,"column":0},"end":{"line":26,"column":null}},"type":"if","locations":[{"start":{"line":23,"column":0},"end":{"line":26,"column":null}},{"start":{},"end":{}}]},"3":{"loc":{"start":{"line":23,"column":4},"end":{"line":23,"column":41}},"type":"binary-expr","locations":[{"start":{"line":23,"column":4},"end":{"line":23,"column":19}},{"start":{"line":23,"column":19},"end":{"line":23,"column":41}}]},"4":{"loc":{"start":{"line":54,"column":2},"end":{"line":56,"column":null}},"type":"if","locations":[{"start":{"line":54,"column":2},"end":{"line":56,"column":null}},{"start":{},"end":{}}]},"5":{"loc":{"start":{"line":70,"column":4},"end":{"line":72,"column":null}},"type":"if","locations":[{"start":{"line":70,"column":4},"end":{"line":72,"column":null}},{"start":{},"end":{}}]},"6":{"loc":{"start":{"line":107,"column":4},"end":{"line":110,"column":null}},"type":"if","locations":[{"start":{"line":107,"column":4},"end":{"line":110,"column":null}},{"start":{},"end":{}}]},"7":{"loc":{"start":{"line":142,"column":2},"end":{"line":150,"column":null}},"type":"if","locations":[{"start":{"line":142,"column":2},"end":{"line":150,"column":null}},{"start":{"line":144,"column":9},"end":{"line":150,"column":null}}]},"8":{"loc":{"start":{"line":145,"column":4},"end":{"line":149,"column":null}},"type":"if","locations":[{"start":{"line":145,"column":4},"end":{"line":149,"column":null}},{"start":{},"end":{}}]},"9":{"loc":{"start":{"line":216,"column":4},"end":{"line":218,"column":null}},"type":"if","locations":[{"start":{"line":216,"column":4},"end":{"line":218,"column":null}},{"start":{},"end":{}}]}},"s":{"0":0,"1":0,"2":0,"3":0,"4":0,"5":0,"6":0,"7":0,"8":0,"9":0,"10":0,"11":0,"12":0,"13":0,"14":0,"15":0,"16":0,"17":0,"18":0,"19":0,"20":0,"21":0,"22":0,"23":0,"24":0,"25":0,"26":0,"27":0,"28":0,"29":0,"30":0,"31":0,"32":0,"33":0,"34":0,"35":0,"36":0,"37":0,"38":0,"39":0,"40":0,"41":0,"42":0,"43":0,"44":0,"45":0,"46":0,"47":0,"48":0,"49":0,"50":0,"51":0,"52":0,"53":0,"54":0,"55":0,"56":0,"57":0,"58":0,"59":0,"60":0,"61":0,"62":0,"63":0,"64":0,"65":0,"66":0,"67":0,"68":0,"69":0},"f":{"0":0,"1":0,"2":0,"3":0,"4":0,"5":0,"6":0},"b":{"0":[0,0],"1":[0,0],"2":[0,0],"3":[0,0],"4":[0,0],"5":[0,0],"6":[0,0],"7":[0,0],"8":[0,0],"9":[0,0]}}
,"/Users/casey/Developer/github/mcp-ts-template/src/worker.ts": {"path":"/Users/casey/Developer/github/mcp-ts-template/src/worker.ts","statementMap":{"0":{"start":{"line":78,"column":50},"end":{"line":78,"column":null}},"1":{"start":{"line":86,"column":2},"end":{"line":88,"column":null}},"2":{"start":{"line":87,"column":4},"end":{"line":87,"column":null}},"3":{"start":{"line":90,"column":65},"end":{"line":116,"column":null}},"4":{"start":{"line":118,"column":2},"end":{"line":123,"column":null}},"5":{"start":{"line":119,"column":18},"end":{"line":119,"column":null}},"6":{"start":{"line":120,"column":4},"end":{"line":122,"column":null}},"7":{"start":{"line":121,"column":6},"end":{"line":121,"column":null}},"8":{"start":{"line":131,"column":2},"end":{"line":133,"column":null}},"9":{"start":{"line":132,"column":4},"end":{"line":132,"column":null}},"10":{"start":{"line":134,"column":2},"end":{"line":136,"column":null}},"11":{"start":{"line":135,"column":4},"end":{"line":135,"column":null}},"12":{"start":{"line":137,"column":2},"end":{"line":139,"column":null}},"13":{"start":{"line":138,"column":4},"end":{"line":138,"column":null}},"14":{"start":{"line":140,"column":2},"end":{"line":142,"column":null}},"15":{"start":{"line":141,"column":4},"end":{"line":141,"column":null}},"16":{"start":{"line":150,"column":2},"end":{"line":152,"column":null}},"17":{"start":{"line":151,"column":4},"end":{"line":151,"column":null}},"18":{"start":{"line":154,"column":2},"end":{"line":247,"column":null}},"19":{"start":{"line":155,"column":26},"end":{"line":155,"column":null}},"20":{"start":{"line":157,"column":4},"end":{"line":246,"column":null}},"21":{"start":{"line":159,"column":6},"end":{"line":163,"column":null}},"22":{"start":{"line":160,"column":8},"end":{"line":160,"column":null}},"23":{"start":{"line":162,"column":8},"end":{"line":162,"column":null}},"24":{"start":{"line":166,"column":6},"end":{"line":166,"column":null}},"25":{"start":{"line":167,"column":6},"end":{"line":167,"column":null}},"26":{"start":{"line":171,"column":23},"end":{"line":171,"column":null}},"27":{"start":{"line":182,"column":46},"end":{"line":191,"column":null}},"28":{"start":{"line":192,"column":32},"end":{"line":196,"column":null}},"29":{"start":{"line":197,"column":6},"end":{"line":197,"column":null}},"30":{"start":{"line":200,"column":28},"end":{"line":203,"column":null}},"31":{"start":{"line":205,"column":6},"end":{"line":209,"column":null}},"32":{"start":{"line":214,"column":18},"end":{"line":217,"column":null}},"33":{"start":{"line":219,"column":27},"end":{"line":219,"column":null}},"34":{"start":{"line":220,"column":6},"end":{"line":223,"column":null}},"35":{"start":{"line":225,"column":6},"end":{"line":225,"column":null}},"36":{"start":{"line":227,"column":27},"end":{"line":227,"column":null}},"37":{"start":{"line":228,"column":27},"end":{"line":234,"column":null}},"38":{"start":{"line":236,"column":6},"end":{"line":240,"column":null}},"39":{"start":{"line":243,"column":6},"end":{"line":243,"column":null}},"40":{"start":{"line":245,"column":6},"end":{"line":245,"column":null}},"41":{"start":{"line":249,"column":2},"end":{"line":249,"column":null}},"42":{"start":{"line":266,"column":4},"end":{"line":334,"column":null}},"43":{"start":{"line":269,"column":6},"end":{"line":269,"column":null}},"44":{"start":{"line":270,"column":6},"end":{"line":270,"column":null}},"45":{"start":{"line":272,"column":18},"end":{"line":272,"column":null}},"46":{"start":{"line":277,"column":28},"end":{"line":277,"column":null}},"47":{"start":{"line":278,"column":24},"end":{"line":278,"column":null}},"48":{"start":{"line":281,"column":29},"end":{"line":291,"column":null}},"49":{"start":{"line":293,"column":6},"end":{"line":298,"column":null}},"50":{"start":{"line":303,"column":6},"end":{"line":303,"column":null}},"51":{"start":{"line":305,"column":24},"end":{"line":305,"column":null}},"52":{"start":{"line":306,"column":27},"end":{"line":312,"column":null}},"53":{"start":{"line":314,"column":6},"end":{"line":318,"column":null}},"54":{"start":{"line":321,"column":6},"end":{"line":333,"column":null}},"55":{"start":{"line":349,"column":4},"end":{"line":389,"column":null}},"56":{"start":{"line":351,"column":6},"end":{"line":351,"column":null}},"57":{"start":{"line":352,"column":6},"end":{"line":352,"column":null}},"58":{"start":{"line":355,"column":6},"end":{"line":355,"column":null}},"59":{"start":{"line":357,"column":31},"end":{"line":361,"column":null}},"60":{"start":{"line":363,"column":6},"end":{"line":367,"column":null}},"61":{"start":{"line":373,"column":6},"end":{"line":373,"column":null}},"62":{"start":{"line":375,"column":27},"end":{"line":379,"column":null}},"63":{"start":{"line":381,"column":6},"end":{"line":385,"column":null}}},"fnMap":{"0":{"name":"injectEnvVars","decl":{"start":{"line":85,"column":9},"end":{"line":85,"column":23}},"loc":{"start":{"line":85,"column":54},"end":{"line":124,"column":null}}},"1":{"name":"storeBindings","decl":{"start":{"line":130,"column":9},"end":{"line":130,"column":23}},"loc":{"start":{"line":130,"column":54},"end":{"line":143,"column":null}}},"2":{"name":"initializeApp","decl":{"start":{"line":149,"column":9},"end":{"line":149,"column":23}},"loc":{"start":{"line":149,"column":74},"end":{"line":250,"column":null}}},"3":{"name":"(anonymous_3)","decl":{"start":{"line":154,"column":16},"end":{"line":154,"column":28}},"loc":{"start":{"line":154,"column":28},"end":{"line":247,"column":5}}},"4":{"name":"(anonymous_4)","decl":{"start":{"line":261,"column":2},"end":{"line":261,"column":8}},"loc":{"start":{"line":265,"column":23},"end":{"line":335,"column":null}}},"5":{"name":"(anonymous_5)","decl":{"start":{"line":344,"column":2},"end":{"line":344,"column":8}},"loc":{"start":{"line":348,"column":19},"end":{"line":390,"column":null}}}},"branchMap":{"0":{"loc":{"start":{"line":86,"column":2},"end":{"line":88,"column":null}},"type":"if","locations":[{"start":{"line":86,"column":2},"end":{"line":88,"column":null}},{"start":{},"end":{}}]},"1":{"loc":{"start":{"line":120,"column":4},"end":{"line":122,"column":null}},"type":"if","locations":[{"start":{"line":120,"column":4},"end":{"line":122,"column":null}},{"start":{},"end":{}}]},"2":{"loc":{"start":{"line":120,"column":8},"end":{"line":120,"column":58}},"type":"binary-expr","locations":[{"start":{"line":120,"column":8},"end":{"line":120,"column":37}},{"start":{"line":120,"column":37},"end":{"line":120,"column":58}}]},"3":{"loc":{"start":{"line":131,"column":2},"end":{"line":133,"column":null}},"type":"if","locations":[{"start":{"line":131,"column":2},"end":{"line":133,"column":null}},{"start":{},"end":{}}]},"4":{"loc":{"start":{"line":134,"column":2},"end":{"line":136,"column":null}},"type":"if","locations":[{"start":{"line":134,"column":2},"end":{"line":136,"column":null}},{"start":{},"end":{}}]},"5":{"loc":{"start":{"line":137,"column":2},"end":{"line":139,"column":null}},"type":"if","locations":[{"start":{"line":137,"column":2},"end":{"line":139,"column":null}},{"start":{},"end":{}}]},"6":{"loc":{"start":{"line":140,"column":2},"end":{"line":142,"column":null}},"type":"if","locations":[{"start":{"line":140,"column":2},"end":{"line":142,"column":null}},{"start":{},"end":{}}]},"7":{"loc":{"start":{"line":150,"column":2},"end":{"line":152,"column":null}},"type":"if","locations":[{"start":{"line":150,"column":2},"end":{"line":152,"column":null}},{"start":{},"end":{}}]},"8":{"loc":{"start":{"line":159,"column":6},"end":{"line":163,"column":null}},"type":"if","locations":[{"start":{"line":159,"column":6},"end":{"line":163,"column":null}},{"start":{"line":161,"column":13},"end":{"line":163,"column":null}}]},"9":{"loc":{"start":{"line":159,"column":10},"end":{"line":159,"column":57}},"type":"binary-expr","locations":[{"start":{"line":159,"column":10},"end":{"line":159,"column":44}},{"start":{"line":159,"column":44},"end":{"line":159,"column":57}}]},"10":{"loc":{"start":{"line":171,"column":23},"end":{"line":171,"column":null}},"type":"binary-expr","locations":[{"start":{"line":171,"column":23},"end":{"line":171,"column":55}},{"start":{"line":171,"column":55},"end":{"line":171,"column":null}}]},"11":{"loc":{"start":{"line":192,"column":32},"end":{"line":196,"column":null}},"type":"cond-expr","locations":[{"start":{"line":195,"column":11},"end":{"line":195,"column":null}},{"start":{"line":196,"column":10},"end":{"line":196,"column":null}}]},"12":{"loc":{"start":{"line":207,"column":21},"end":{"line":207,"column":null}},"type":"binary-expr","locations":[{"start":{"line":207,"column":21},"end":{"line":207,"column":40}},{"start":{"line":207,"column":40},"end":{"line":207,"column":null}}]},"13":{"loc":{"start":{"line":208,"column":25},"end":{"line":208,"column":null}},"type":"binary-expr","locations":[{"start":{"line":208,"column":25},"end":{"line":208,"column":54}},{"start":{"line":208,"column":54},"end":{"line":208,"column":null}}]},"14":{"loc":{"start":{"line":232,"column":15},"end":{"line":232,"column":null}},"type":"cond-expr","locations":[{"start":{"line":232,"column":40},"end":{"line":232,"column":56}},{"start":{"line":232,"column":56},"end":{"line":232,"column":null}}]},"15":{"loc":{"start":{"line":233,"column":15},"end":{"line":233,"column":null}},"type":"cond-expr","locations":[{"start":{"line":233,"column":40},"end":{"line":233,"column":54}},{"start":{"line":233,"column":54},"end":{"line":233,"column":null}}]},"16":{"loc":{"start":{"line":238,"column":8},"end":{"line":238,"column":null}},"type":"cond-expr","locations":[{"start":{"line":238,"column":33},"end":{"line":238,"column":41}},{"start":{"line":238,"column":41},"end":{"line":238,"column":null}}]},"17":{"loc":{"start":{"line":278,"column":24},"end":{"line":278,"column":null}},"type":"binary-expr","locations":[{"start":{"line":278,"column":24},"end":{"line":278,"column":57}},{"start":{"line":278,"column":57},"end":{"line":278,"column":null}}]},"18":{"loc":{"start":{"line":286,"column":12},"end":{"line":290,"column":null}},"type":"binary-expr","locations":[{"start":{"line":286,"column":12},"end":{"line":286,"column":28}},{"start":{"line":286,"column":28},"end":{"line":290,"column":null}}]},"19":{"loc":{"start":{"line":311,"column":12},"end":{"line":311,"column":null}},"type":"binary-expr","locations":[{"start":{"line":311,"column":12},"end":{"line":311,"column":25}},{"start":{"line":311,"column":25},"end":{"line":311,"column":null}}]},"20":{"loc":{"start":{"line":316,"column":8},"end":{"line":316,"column":null}},"type":"cond-expr","locations":[{"start":{"line":316,"column":33},"end":{"line":316,"column":41}},{"start":{"line":316,"column":41},"end":{"line":316,"column":null}}]},"21":{"loc":{"start":{"line":325,"column":12},"end":{"line":327,"column":null}},"type":"cond-expr","locations":[{"start":{"line":326,"column":16},"end":{"line":326,"column":null}},{"start":{"line":327,"column":16},"end":{"line":327,"column":null}}]},"22":{"loc":{"start":{"line":383,"column":8},"end":{"line":383,"column":null}},"type":"cond-expr","locations":[{"start":{"line":383,"column":33},"end":{"line":383,"column":41}},{"start":{"line":383,"column":41},"end":{"line":383,"column":null}}]}},"s":{"0":1,"1":0,"2":0,"3":0,"4":0,"5":0,"6":0,"7":0,"8":0,"9":0,"10":0,"11":0,"12":0,"13":0,"14":0,"15":0,"16":0,"17":0,"18":0,"19":0,"20":0,"21":0,"22":0,"23":0,"24":0,"25":0,"26":0,"27":0,"28":0,"29":0,"30":0,"31":0,"32":0,"33":0,"34":0,"35":0,"36":0,"37":0,"38":0,"39":0,"40":0,"41":0,"42":0,"43":0,"44":0,"45":0,"46":0,"47":0,"48":0,"49":0,"50":0,"51":0,"52":0,"53":0,"54":0,"55":0,"56":0,"57":0,"58":0,"59":0,"60":0,"61":0,"62":0,"63":0},"f":{"0":0,"1":0,"2":0,"3":0,"4":0,"5":0},"b":{"0":[0,0],"1":[0,0],"2":[0,0],"3":[0,0],"4":[0,0],"5":[0,0],"6":[0,0],"7":[0,0],"8":[0,0],"9":[0,0],"10":[0,0],"11":[0,0],"12":[0,0],"13":[0,0],"14":[0,0],"15":[0,0],"16":[0,0],"17":[0,0],"18":[0,0],"19":[0,0],"20":[0,0],"21":[0,0],"22":[0,0]}}
,"/Users/casey/Developer/github/mcp-ts-template/src/config/index.ts": {"path":"/Users/casey/Developer/github/mcp-ts-template/src/config/index.ts","statementMap":{"0":{"start":{"line":22,"column":24},"end":{"line":22,"column":null}},"1":{"start":{"line":24,"column":2},"end":{"line":27,"column":null}},"2":{"start":{"line":30,"column":0},"end":{"line":30,"column":null}},"3":{"start":{"line":33,"column":31},"end":{"line":38,"column":null}},"4":{"start":{"line":34,"column":2},"end":{"line":36,"column":null}},"5":{"start":{"line":35,"column":4},"end":{"line":35,"column":null}},"6":{"start":{"line":37,"column":2},"end":{"line":37,"column":null}},"7":{"start":{"line":41,"column":21},"end":{"line":258,"column":null}},"8":{"start":{"line":54,"column":20},"end":{"line":54,"column":null}},"9":{"start":{"line":55,"column":8},"end":{"line":63,"column":null}},"10":{"start":{"line":56,"column":24},"end":{"line":56,"column":null}},"11":{"start":{"line":57,"column":51},"end":{"line":61,"column":null}},"12":{"start":{"line":62,"column":10},"end":{"line":62,"column":null}},"13":{"start":{"line":64,"column":8},"end":{"line":64,"column":null}},"14":{"start":{"line":73,"column":20},"end":{"line":73,"column":null}},"15":{"start":{"line":74,"column":8},"end":{"line":82,"column":null}},"16":{"start":{"line":75,"column":24},"end":{"line":75,"column":null}},"17":{"start":{"line":76,"column":51},"end":{"line":80,"column":null}},"18":{"start":{"line":81,"column":10},"end":{"line":81,"column":null}},"19":{"start":{"line":83,"column":8},"end":{"line":83,"column":null}},"20":{"start":{"line":160,"column":22},"end":{"line":160,"column":null}},"21":{"start":{"line":161,"column":10},"end":{"line":168,"column":null}},"22":{"start":{"line":162,"column":26},"end":{"line":162,"column":null}},"23":{"start":{"line":163,"column":53},"end":{"line":166,"column":null}},"24":{"start":{"line":167,"column":12},"end":{"line":167,"column":null}},"25":{"start":{"line":169,"column":10},"end":{"line":169,"column":null}},"26":{"start":{"line":189,"column":22},"end":{"line":189,"column":null}},"27":{"start":{"line":190,"column":10},"end":{"line":198,"column":null}},"28":{"start":{"line":191,"column":26},"end":{"line":191,"column":null}},"29":{"start":{"line":192,"column":53},"end":{"line":196,"column":null}},"30":{"start":{"line":197,"column":12},"end":{"line":197,"column":null}},"31":{"start":{"line":199,"column":10},"end":{"line":199,"column":null}},"32":{"start":{"line":217,"column":22},"end":{"line":217,"column":null}},"33":{"start":{"line":218,"column":10},"end":{"line":226,"column":null}},"34":{"start":{"line":219,"column":26},"end":{"line":219,"column":null}},"35":{"start":{"line":220,"column":53},"end":{"line":224,"column":null}},"36":{"start":{"line":225,"column":12},"end":{"line":225,"column":null}},"37":{"start":{"line":227,"column":10},"end":{"line":227,"column":null}},"38":{"start":{"line":261,"column":20},"end":{"line":443,"column":null}},"39":{"start":{"line":262,"column":14},"end":{"line":262,"column":null}},"40":{"start":{"line":264,"column":20},"end":{"line":385,"column":null}},"41":{"start":{"line":283,"column":18},"end":{"line":283,"column":26}},"42":{"start":{"line":294,"column":60},"end":{"line":294,"column":68}},"43":{"start":{"line":314,"column":30},"end":{"line":314,"column":40}},"44":{"start":{"line":388,"column":20},"end":{"line":392,"column":null}},"45":{"start":{"line":393,"column":20},"end":{"line":393,"column":null}},"46":{"start":{"line":396,"column":25},"end":{"line":420,"column":null}},"47":{"start":{"line":403,"column":23},"end":{"line":403,"column":null}},"48":{"start":{"line":404,"column":26},"end":{"line":404,"column":null}},"49":{"start":{"line":405,"column":10},"end":{"line":405,"column":null}},"50":{"start":{"line":405,"column":39},"end":{"line":405,"column":null}},"51":{"start":{"line":406,"column":10},"end":{"line":408,"column":null}},"52":{"start":{"line":422,"column":23},"end":{"line":422,"column":null}},"53":{"start":{"line":424,"column":2},"end":{"line":440,"column":null}},"54":{"start":{"line":426,"column":4},"end":{"line":431,"column":null}},"55":{"start":{"line":427,"column":6},"end":{"line":430,"column":null}},"56":{"start":{"line":433,"column":4},"end":{"line":439,"column":null}},"57":{"start":{"line":442,"column":2},"end":{"line":442,"column":null}},"58":{"start":{"line":445,"column":15},"end":{"line":445,"column":null}}},"fnMap":{"0":{"name":"(anonymous_0)","decl":{"start":{"line":33,"column":31},"end":{"line":33,"column":32}},"loc":{"start":{"line":33,"column":49},"end":{"line":38,"column":null}}},"1":{"name":"(anonymous_1)","decl":{"start":{"line":53,"column":6},"end":{"line":53,"column":7}},"loc":{"start":{"line":53,"column":15},"end":{"line":65,"column":null}}},"2":{"name":"(anonymous_2)","decl":{"start":{"line":72,"column":6},"end":{"line":72,"column":7}},"loc":{"start":{"line":72,"column":15},"end":{"line":84,"column":null}}},"3":{"name":"(anonymous_3)","decl":{"start":{"line":159,"column":8},"end":{"line":159,"column":9}},"loc":{"start":{"line":159,"column":17},"end":{"line":170,"column":null}}},"4":{"name":"(anonymous_4)","decl":{"start":{"line":188,"column":8},"end":{"line":188,"column":9}},"loc":{"start":{"line":188,"column":17},"end":{"line":200,"column":null}}},"5":{"name":"(anonymous_5)","decl":{"start":{"line":216,"column":8},"end":{"line":216,"column":9}},"loc":{"start":{"line":216,"column":17},"end":{"line":228,"column":null}}},"6":{"name":"(anonymous_6)","decl":{"start":{"line":261,"column":20},"end":{"line":261,"column":26}},"loc":{"start":{"line":261,"column":26},"end":{"line":443,"column":null}}},"7":{"name":"(anonymous_7)","decl":{"start":{"line":283,"column":11},"end":{"line":283,"column":12}},"loc":{"start":{"line":283,"column":18},"end":{"line":283,"column":26}}},"8":{"name":"(anonymous_8)","decl":{"start":{"line":294,"column":53},"end":{"line":294,"column":54}},"loc":{"start":{"line":294,"column":60},"end":{"line":294,"column":68}}},"9":{"name":"(anonymous_9)","decl":{"start":{"line":314,"column":21},"end":{"line":314,"column":22}},"loc":{"start":{"line":314,"column":30},"end":{"line":314,"column":40}}},"10":{"name":"(anonymous_10)","decl":{"start":{"line":400,"column":9},"end":{"line":400,"column":15}},"loc":{"start":{"line":400,"column":15},"end":{"line":409,"column":11}}}},"branchMap":{"0":{"loc":{"start":{"line":24,"column":2},"end":{"line":27,"column":null}},"type":"binary-expr","locations":[{"start":{"line":24,"column":2},"end":{"line":24,"column":null}},{"start":{"line":25,"column":2},"end":{"line":25,"column":null}},{"start":{"line":26,"column":2},"end":{"line":26,"column":null}},{"start":{"line":27,"column":2},"end":{"line":27,"column":null}}]},"1":{"loc":{"start":{"line":34,"column":2},"end":{"line":36,"column":null}},"type":"if","locations":[{"start":{"line":34,"column":2},"end":{"line":36,"column":null}},{"start":{},"end":{}}]},"2":{"loc":{"start":{"line":34,"column":6},"end":{"line":34,"column":52}},"type":"binary-expr","locations":[{"start":{"line":34,"column":6},"end":{"line":34,"column":33}},{"start":{"line":34,"column":33},"end":{"line":34,"column":52}}]},"3":{"loc":{"start":{"line":55,"column":8},"end":{"line":63,"column":null}},"type":"if","locations":[{"start":{"line":55,"column":8},"end":{"line":63,"column":null}},{"start":{},"end":{}}]},"4":{"loc":{"start":{"line":62,"column":17},"end":{"line":62,"column":null}},"type":"binary-expr","locations":[{"start":{"line":62,"column":17},"end":{"line":62,"column":36}},{"start":{"line":62,"column":36},"end":{"line":62,"column":null}}]},"5":{"loc":{"start":{"line":74,"column":8},"end":{"line":82,"column":null}},"type":"if","locations":[{"start":{"line":74,"column":8},"end":{"line":82,"column":null}},{"start":{},"end":{}}]},"6":{"loc":{"start":{"line":81,"column":17},"end":{"line":81,"column":null}},"type":"binary-expr","locations":[{"start":{"line":81,"column":17},"end":{"line":81,"column":36}},{"start":{"line":81,"column":36},"end":{"line":81,"column":null}}]},"7":{"loc":{"start":{"line":161,"column":10},"end":{"line":168,"column":null}},"type":"if","locations":[{"start":{"line":161,"column":10},"end":{"line":168,"column":null}},{"start":{},"end":{}}]},"8":{"loc":{"start":{"line":167,"column":19},"end":{"line":167,"column":null}},"type":"binary-expr","locations":[{"start":{"line":167,"column":19},"end":{"line":167,"column":38}},{"start":{"line":167,"column":38},"end":{"line":167,"column":null}}]},"9":{"loc":{"start":{"line":190,"column":10},"end":{"line":198,"column":null}},"type":"if","locations":[{"start":{"line":190,"column":10},"end":{"line":198,"column":null}},{"start":{},"end":{}}]},"10":{"loc":{"start":{"line":197,"column":19},"end":{"line":197,"column":null}},"type":"binary-expr","locations":[{"start":{"line":197,"column":19},"end":{"line":197,"column":38}},{"start":{"line":197,"column":38},"end":{"line":197,"column":null}}]},"11":{"loc":{"start":{"line":218,"column":10},"end":{"line":226,"column":null}},"type":"if","locations":[{"start":{"line":218,"column":10},"end":{"line":226,"column":null}},{"start":{},"end":{}}]},"12":{"loc":{"start":{"line":225,"column":19},"end":{"line":225,"column":null}},"type":"binary-expr","locations":[{"start":{"line":225,"column":19},"end":{"line":225,"column":38}},{"start":{"line":225,"column":38},"end":{"line":225,"column":null}}]},"13":{"loc":{"start":{"line":266,"column":12},"end":{"line":266,"column":null}},"type":"binary-expr","locations":[{"start":{"line":266,"column":12},"end":{"line":266,"column":32}},{"start":{"line":266,"column":32},"end":{"line":266,"column":null}}]},"14":{"loc":{"start":{"line":267,"column":15},"end":{"line":267,"column":null}},"type":"binary-expr","locations":[{"start":{"line":267,"column":15},"end":{"line":267,"column":38}},{"start":{"line":267,"column":38},"end":{"line":267,"column":null}}]},"15":{"loc":{"start":{"line":268,"column":19},"end":{"line":268,"column":null}},"type":"binary-expr","locations":[{"start":{"line":268,"column":19},"end":{"line":268,"column":46}},{"start":{"line":268,"column":46},"end":{"line":268,"column":null}}]},"16":{"loc":{"start":{"line":305,"column":6},"end":{"line":317,"column":null}},"type":"cond-expr","locations":[{"start":{"line":306,"column":10},"end":{"line":316,"column":null}},{"start":{"line":317,"column":10},"end":{"line":317,"column":null}}]},"17":{"loc":{"start":{"line":305,"column":6},"end":{"line":305,"column":null}},"type":"binary-expr","locations":[{"start":{"line":305,"column":6},"end":{"line":305,"column":43}},{"start":{"line":305,"column":43},"end":{"line":305,"column":null}}]},"18":{"loc":{"start":{"line":319,"column":6},"end":{"line":325,"column":null}},"type":"cond-expr","locations":[{"start":{"line":320,"column":10},"end":{"line":324,"column":null}},{"start":{"line":325,"column":10},"end":{"line":325,"column":null}}]},"19":{"loc":{"start":{"line":319,"column":6},"end":{"line":319,"column":null}},"type":"binary-expr","locations":[{"start":{"line":319,"column":6},"end":{"line":319,"column":26}},{"start":{"line":319,"column":26},"end":{"line":319,"column":null}}]},"20":{"loc":{"start":{"line":327,"column":6},"end":{"line":336,"column":null}},"type":"cond-expr","locations":[{"start":{"line":328,"column":10},"end":{"line":335,"column":null}},{"start":{"line":336,"column":10},"end":{"line":336,"column":null}}]},"21":{"loc":{"start":{"line":327,"column":6},"end":{"line":327,"column":null}},"type":"binary-expr","locations":[{"start":{"line":327,"column":6},"end":{"line":327,"column":27}},{"start":{"line":327,"column":27},"end":{"line":327,"column":54}},{"start":{"line":327,"column":54},"end":{"line":327,"column":null}}]},"22":{"loc":{"start":{"line":356,"column":6},"end":{"line":380,"column":null}},"type":"cond-expr","locations":[{"start":{"line":357,"column":10},"end":{"line":379,"column":null}},{"start":{"line":380,"column":10},"end":{"line":380,"column":null}}]},"23":{"loc":{"start":{"line":356,"column":6},"end":{"line":356,"column":null}},"type":"binary-expr","locations":[{"start":{"line":356,"column":6},"end":{"line":356,"column":32}},{"start":{"line":356,"column":32},"end":{"line":356,"column":null}}]},"24":{"loc":{"start":{"line":358,"column":17},"end":{"line":368,"column":null}},"type":"cond-expr","locations":[{"start":{"line":359,"column":16},"end":{"line":367,"column":null}},{"start":{"line":368,"column":16},"end":{"line":368,"column":null}}]},"25":{"loc":{"start":{"line":369,"column":17},"end":{"line":378,"column":null}},"type":"cond-expr","locations":[{"start":{"line":370,"column":16},"end":{"line":377,"column":null}},{"start":{"line":378,"column":16},"end":{"line":378,"column":null}}]},"26":{"loc":{"start":{"line":399,"column":14},"end":{"line":410,"column":null}},"type":"cond-expr","locations":[{"start":{"line":399,"column":14},"end":{"line":409,"column":null}},{"start":{"line":410,"column":8},"end":{"line":410,"column":null}}]},"27":{"loc":{"start":{"line":404,"column":26},"end":{"line":404,"column":null}},"type":"binary-expr","locations":[{"start":{"line":404,"column":26},"end":{"line":404,"column":48}},{"start":{"line":404,"column":48},"end":{"line":404,"column":null}}]},"28":{"loc":{"start":{"line":405,"column":10},"end":{"line":405,"column":null}},"type":"if","locations":[{"start":{"line":405,"column":10},"end":{"line":405,"column":null}},{"start":{},"end":{}}]},"29":{"loc":{"start":{"line":406,"column":17},"end":{"line":408,"column":null}},"type":"cond-expr","locations":[{"start":{"line":407,"column":14},"end":{"line":407,"column":null}},{"start":{"line":408,"column":14},"end":{"line":408,"column":null}}]},"30":{"loc":{"start":{"line":411,"column":19},"end":{"line":411,"column":null}},"type":"binary-expr","locations":[{"start":{"line":411,"column":19},"end":{"line":411,"column":42}},{"start":{"line":411,"column":42},"end":{"line":411,"column":null}}]},"31":{"loc":{"start":{"line":412,"column":22},"end":{"line":412,"column":null}},"type":"binary-expr","locations":[{"start":{"line":412,"column":22},"end":{"line":412,"column":48}},{"start":{"line":412,"column":48},"end":{"line":412,"column":null}}]},"32":{"loc":{"start":{"line":413,"column":26},"end":{"line":413,"column":null}},"type":"binary-expr","locations":[{"start":{"line":413,"column":26},"end":{"line":413,"column":56}},{"start":{"line":413,"column":56},"end":{"line":413,"column":null}}]},"33":{"loc":{"start":{"line":416,"column":19},"end":{"line":416,"column":null}},"type":"binary-expr","locations":[{"start":{"line":416,"column":19},"end":{"line":416,"column":44}},{"start":{"line":416,"column":44},"end":{"line":416,"column":null}}]},"34":{"loc":{"start":{"line":417,"column":22},"end":{"line":417,"column":null}},"type":"binary-expr","locations":[{"start":{"line":417,"column":22},"end":{"line":417,"column":50}},{"start":{"line":417,"column":50},"end":{"line":417,"column":null}}]},"35":{"loc":{"start":{"line":419,"column":23},"end":{"line":419,"column":null}},"type":"binary-expr","locations":[{"start":{"line":419,"column":23},"end":{"line":419,"column":50}},{"start":{"line":419,"column":50},"end":{"line":419,"column":null}}]},"36":{"loc":{"start":{"line":424,"column":2},"end":{"line":440,"column":null}},"type":"if","locations":[{"start":{"line":424,"column":2},"end":{"line":440,"column":null}},{"start":{},"end":{}}]},"37":{"loc":{"start":{"line":426,"column":4},"end":{"line":431,"column":null}},"type":"if","locations":[{"start":{"line":426,"column":4},"end":{"line":431,"column":null}},{"start":{},"end":{}}]}},"s":{"0":106,"1":106,"2":106,"3":106,"4":940,"5":1,"6":939,"7":106,"8":134,"9":134,"10":134,"11":134,"12":134,"13":0,"14":133,"15":133,"16":133,"17":133,"18":133,"19":0,"20":133,"21":133,"22":133,"23":133,"24":133,"25":0,"26":0,"27":0,"28":0,"29":0,"30":0,"31":0,"32":4,"33":4,"34":4,"35":4,"36":4,"37":0,"38":106,"39":134,"40":134,"41":135,"42":2,"43":2,"44":134,"45":134,"46":134,"47":134,"48":134,"49":134,"50":0,"51":134,"52":134,"53":134,"54":2,"55":1,"56":2,"57":132,"58":106},"f":{"0":940,"1":134,"2":133,"3":133,"4":0,"5":4,"6":134,"7":135,"8":2,"9":2,"10":134},"b":{"0":[106,106,106,106],"1":[1,939],"2":[940,672],"3":[134,0],"4":[134,131],"5":[133,0],"6":[133,4],"7":[133,0],"8":[133,130],"9":[0,0],"10":[0,0],"11":[4,0],"12":[4,0],"13":[134,134],"14":[134,134],"15":[134,134],"16":[1,133],"17":[134,133],"18":[1,133],"19":[134,1],"20":[0,134],"21":[134,0,0],"22":[1,133],"23":[134,133],"24":[1,0],"25":[1,0],"26":[134,0],"27":[134,1],"28":[0,134],"29":[134,0],"30":[134,134],"31":[134,134],"32":[134,134],"33":[134,133],"34":[134,134],"35":[134,134],"36":[2,132],"37":[1,1]}}
,"/Users/casey/Developer/github/mcp-ts-template/src/container/container.ts": {"path":"/Users/casey/Developer/github/mcp-ts-template/src/container/container.ts","statementMap":{"0":{"start":{"line":21,"column":2},"end":{"line":21,"column":null}},"1":{"start":{"line":33,"column":21},"end":{"line":33,"column":null}},"2":{"start":{"line":34,"column":26},"end":{"line":34,"column":null}},"3":{"start":{"line":38,"column":4},"end":{"line":42,"column":null}},"4":{"start":{"line":39,"column":21},"end":{"line":39,"column":null}},"5":{"start":{"line":43,"column":4},"end":{"line":43,"column":null}},"6":{"start":{"line":52,"column":4},"end":{"line":55,"column":null}},"7":{"start":{"line":56,"column":4},"end":{"line":56,"column":null}},"8":{"start":{"line":61,"column":4},"end":{"line":61,"column":null}},"9":{"start":{"line":66,"column":16},"end":{"line":66,"column":null}},"10":{"start":{"line":67,"column":4},"end":{"line":71,"column":null}},"11":{"start":{"line":68,"column":21},"end":{"line":68,"column":null}},"12":{"start":{"line":72,"column":4},"end":{"line":72,"column":null}},"13":{"start":{"line":73,"column":4},"end":{"line":73,"column":null}},"14":{"start":{"line":78,"column":16},"end":{"line":78,"column":null}},"15":{"start":{"line":79,"column":4},"end":{"line":81,"column":null}},"16":{"start":{"line":80,"column":6},"end":{"line":80,"column":null}},"17":{"start":{"line":82,"column":4},"end":{"line":87,"column":null}},"18":{"start":{"line":83,"column":6},"end":{"line":85,"column":null}},"19":{"start":{"line":84,"column":8},"end":{"line":84,"column":null}},"20":{"start":{"line":86,"column":6},"end":{"line":86,"column":null}},"21":{"start":{"line":88,"column":4},"end":{"line":88,"column":null}},"22":{"start":{"line":93,"column":17},"end":{"line":93,"column":null}},"23":{"start":{"line":94,"column":4},"end":{"line":94,"column":null}},"24":{"start":{"line":94,"column":15},"end":{"line":94,"column":null}},"25":{"start":{"line":95,"column":4},"end":{"line":100,"column":null}},"26":{"start":{"line":96,"column":6},"end":{"line":96,"column":null}},"27":{"start":{"line":96,"column":55},"end":{"line":96,"column":null}},"28":{"start":{"line":97,"column":18},"end":{"line":97,"column":null}},"29":{"start":{"line":98,"column":6},"end":{"line":98,"column":null}},"30":{"start":{"line":98,"column":25},"end":{"line":98,"column":null}},"31":{"start":{"line":99,"column":6},"end":{"line":99,"column":null}},"32":{"start":{"line":105,"column":4},"end":{"line":105,"column":null}},"33":{"start":{"line":110,"column":18},"end":{"line":110,"column":null}},"34":{"start":{"line":111,"column":4},"end":{"line":113,"column":null}},"35":{"start":{"line":112,"column":51},"end":{"line":112,"column":64}},"36":{"start":{"line":114,"column":4},"end":{"line":119,"column":null}},"37":{"start":{"line":115,"column":56},"end":{"line":118,"column":7}},"38":{"start":{"line":117,"column":22},"end":{"line":117,"column":31}},"39":{"start":{"line":120,"column":4},"end":{"line":120,"column":null}},"40":{"start":{"line":125,"column":4},"end":{"line":127,"column":null}},"41":{"start":{"line":126,"column":6},"end":{"line":126,"column":null}},"42":{"start":{"line":128,"column":4},"end":{"line":132,"column":null}},"43":{"start":{"line":129,"column":6},"end":{"line":131,"column":null}},"44":{"start":{"line":130,"column":8},"end":{"line":130,"column":null}},"45":{"start":{"line":137,"column":4},"end":{"line":137,"column":null}},"46":{"start":{"line":138,"column":4},"end":{"line":138,"column":null}},"47":{"start":{"line":143,"column":25},"end":{"line":143,"column":null}}},"fnMap":{"0":{"name":"token","decl":{"start":{"line":20,"column":16},"end":{"line":20,"column":25}},"loc":{"start":{"line":20,"column":56},"end":{"line":22,"column":null}}},"1":{"name":"(anonymous_1)","decl":{"start":{"line":37,"column":2},"end":{"line":37,"column":19}},"loc":{"start":{"line":37,"column":52},"end":{"line":44,"column":null}}},"2":{"name":"(anonymous_2)","decl":{"start":{"line":39,"column":15},"end":{"line":39,"column":21}},"loc":{"start":{"line":39,"column":21},"end":{"line":39,"column":null}}},"3":{"name":"(anonymous_3)","decl":{"start":{"line":47,"column":2},"end":{"line":47,"column":null}},"loc":{"start":{"line":51,"column":10},"end":{"line":57,"column":null}}},"4":{"name":"(anonymous_4)","decl":{"start":{"line":60,"column":2},"end":{"line":60,"column":23}},"loc":{"start":{"line":60,"column":67},"end":{"line":62,"column":null}}},"5":{"name":"(anonymous_5)","decl":{"start":{"line":65,"column":2},"end":{"line":65,"column":19}},"loc":{"start":{"line":65,"column":52},"end":{"line":74,"column":null}}},"6":{"name":"(anonymous_6)","decl":{"start":{"line":68,"column":15},"end":{"line":68,"column":21}},"loc":{"start":{"line":68,"column":21},"end":{"line":68,"column":null}}},"7":{"name":"(anonymous_7)","decl":{"start":{"line":77,"column":2},"end":{"line":77,"column":13}},"loc":{"start":{"line":77,"column":33},"end":{"line":89,"column":null}}},"8":{"name":"(anonymous_8)","decl":{"start":{"line":92,"column":2},"end":{"line":92,"column":16}},"loc":{"start":{"line":92,"column":38},"end":{"line":101,"column":null}}},"9":{"name":"(anonymous_9)","decl":{"start":{"line":95,"column":20},"end":{"line":95,"column":21}},"loc":{"start":{"line":95,"column":29},"end":{"line":100,"column":5}}},"10":{"name":"(anonymous_10)","decl":{"start":{"line":104,"column":2},"end":{"line":104,"column":9}},"loc":{"start":{"line":104,"column":35},"end":{"line":106,"column":null}}},"11":{"name":"(anonymous_11)","decl":{"start":{"line":109,"column":2},"end":{"line":109,"column":20}},"loc":{"start":{"line":109,"column":20},"end":{"line":121,"column":null}}},"12":{"name":"(anonymous_12)","decl":{"start":{"line":112,"column":39},"end":{"line":112,"column":40}},"loc":{"start":{"line":112,"column":51},"end":{"line":112,"column":64}}},"13":{"name":"(anonymous_13)","decl":{"start":{"line":115,"column":44},"end":{"line":115,"column":45}},"loc":{"start":{"line":115,"column":56},"end":{"line":118,"column":7}}},"14":{"name":"(anonymous_14)","decl":{"start":{"line":117,"column":14},"end":{"line":117,"column":15}},"loc":{"start":{"line":117,"column":22},"end":{"line":117,"column":31}}},"15":{"name":"(anonymous_15)","decl":{"start":{"line":124,"column":2},"end":{"line":124,"column":25}},"loc":{"start":{"line":124,"column":25},"end":{"line":133,"column":null}}},"16":{"name":"(anonymous_16)","decl":{"start":{"line":136,"column":2},"end":{"line":136,"column":16}},"loc":{"start":{"line":136,"column":16},"end":{"line":139,"column":null}}}},"branchMap":{"0":{"loc":{"start":{"line":54,"column":17},"end":{"line":54,"column":null}},"type":"binary-expr","locations":[{"start":{"line":54,"column":17},"end":{"line":54,"column":36}},{"start":{"line":54,"column":36},"end":{"line":54,"column":null}}]},"1":{"loc":{"start":{"line":66,"column":16},"end":{"line":66,"column":null}},"type":"binary-expr","locations":[{"start":{"line":66,"column":16},"end":{"line":66,"column":52}},{"start":{"line":66,"column":52},"end":{"line":66,"column":null}}]},"2":{"loc":{"start":{"line":79,"column":4},"end":{"line":81,"column":null}},"type":"if","locations":[{"start":{"line":79,"column":4},"end":{"line":81,"column":null}},{"start":{},"end":{}}]},"3":{"loc":{"start":{"line":82,"column":4},"end":{"line":87,"column":null}},"type":"if","locations":[{"start":{"line":82,"column":4},"end":{"line":87,"column":null}},{"start":{},"end":{}}]},"4":{"loc":{"start":{"line":83,"column":6},"end":{"line":85,"column":null}},"type":"if","locations":[{"start":{"line":83,"column":6},"end":{"line":85,"column":null}},{"start":{},"end":{}}]},"5":{"loc":{"start":{"line":94,"column":4},"end":{"line":94,"column":null}},"type":"if","locations":[{"start":{"line":94,"column":4},"end":{"line":94,"column":null}},{"start":{},"end":{}}]},"6":{"loc":{"start":{"line":96,"column":6},"end":{"line":96,"column":null}},"type":"if","locations":[{"start":{"line":96,"column":6},"end":{"line":96,"column":null}},{"start":{},"end":{}}]},"7":{"loc":{"start":{"line":96,"column":10},"end":{"line":96,"column":55}},"type":"binary-expr","locations":[{"start":{"line":96,"column":10},"end":{"line":96,"column":27}},{"start":{"line":96,"column":27},"end":{"line":96,"column":55}}]},"8":{"loc":{"start":{"line":98,"column":6},"end":{"line":98,"column":null}},"type":"if","locations":[{"start":{"line":98,"column":6},"end":{"line":98,"column":null}},{"start":{},"end":{}}]}},"s":{"0":185,"1":42,"2":42,"3":33,"4":1,"5":33,"6":132,"7":132,"8":127,"9":29,"10":29,"11":1,"12":29,"13":29,"14":169,"15":169,"16":2,"17":167,"18":163,"19":105,"20":161,"21":4,"22":9,"23":9,"24":2,"25":7,"26":12,"27":11,"28":1,"29":1,"30":1,"31":1,"32":4,"33":5,"34":5,"35":4,"36":5,"37":1,"38":1,"39":5,"40":3,"41":2,"42":3,"43":1,"44":1,"45":44,"46":44,"47":9},"f":{"0":185,"1":33,"2":1,"3":132,"4":127,"5":29,"6":1,"7":169,"8":9,"9":12,"10":4,"11":5,"12":4,"13":1,"14":1,"15":3,"16":44},"b":{"0":[132,4],"1":[29,11],"2":[2,167],"3":[163,4],"4":[105,58],"5":[2,7],"6":[11,1],"7":[12,12],"8":[1,0]}}
,"/Users/casey/Developer/github/mcp-ts-template/src/container/index.ts": {"path":"/Users/casey/Developer/github/mcp-ts-template/src/container/index.ts","statementMap":{"0":{"start":{"line":11,"column":26},"end":{"line":11,"column":null}},"1":{"start":{"line":18,"column":2},"end":{"line":20,"column":null}},"2":{"start":{"line":19,"column":4},"end":{"line":19,"column":null}},"3":{"start":{"line":22,"column":2},"end":{"line":22,"column":null}},"4":{"start":{"line":23,"column":2},"end":{"line":23,"column":null}},"5":{"start":{"line":25,"column":2},"end":{"line":25,"column":null}}},"fnMap":{"0":{"name":"composeContainer","decl":{"start":{"line":17,"column":16},"end":{"line":17,"column":41}},"loc":{"start":{"line":17,"column":41},"end":{"line":26,"column":null}}}},"branchMap":{"0":{"loc":{"start":{"line":18,"column":2},"end":{"line":20,"column":null}},"type":"if","locations":[{"start":{"line":18,"column":2},"end":{"line":20,"column":null}},{"start":{},"end":{}}]}},"s":{"0":2,"1":2,"2":1,"3":1,"4":1,"5":1},"f":{"0":2},"b":{"0":[1,1]}}
,"/Users/casey/Developer/github/mcp-ts-template/src/container/tokens.ts": {"path":"/Users/casey/Developer/github/mcp-ts-template/src/container/tokens.ts","statementMap":{"0":{"start":{"line":31,"column":25},"end":{"line":31,"column":null}},"1":{"start":{"line":32,"column":22},"end":{"line":32,"column":null}},"2":{"start":{"line":35,"column":30},"end":{"line":35,"column":null}},"3":{"start":{"line":36,"column":31},"end":{"line":36,"column":null}},"4":{"start":{"line":37,"column":35},"end":{"line":39,"column":null}},"5":{"start":{"line":40,"column":31},"end":{"line":40,"column":null}},"6":{"start":{"line":43,"column":27},"end":{"line":43,"column":null}},"7":{"start":{"line":44,"column":34},"end":{"line":44,"column":null}},"8":{"start":{"line":45,"column":29},"end":{"line":45,"column":null}},"9":{"start":{"line":46,"column":28},"end":{"line":46,"column":null}},"10":{"start":{"line":49,"column":39},"end":{"line":51,"column":null}},"11":{"start":{"line":53,"column":2},"end":{"line":53,"column":null}},"12":{"start":{"line":54,"column":32},"end":{"line":54,"column":null}},"13":{"start":{"line":57,"column":33},"end":{"line":57,"column":null}},"14":{"start":{"line":59,"column":2},"end":{"line":59,"column":null}},"15":{"start":{"line":60,"column":35},"end":{"line":60,"column":null}},"16":{"start":{"line":61,"column":34},"end":{"line":61,"column":null}},"17":{"start":{"line":67,"column":2},"end":{"line":67,"column":null}},"18":{"start":{"line":68,"column":35},"end":{"line":70,"column":null}}},"fnMap":{},"branchMap":{},"s":{"0":8,"1":8,"2":8,"3":8,"4":8,"5":8,"6":8,"7":8,"8":8,"9":8,"10":8,"11":8,"12":8,"13":8,"14":8,"15":8,"16":8,"17":8,"18":8},"f":{},"b":{}}
,"/Users/casey/Developer/github/mcp-ts-template/src/container/registrations/core.ts": {"path":"/Users/casey/Developer/github/mcp-ts-template/src/container/registrations/core.ts","statementMap":{"0":{"start":{"line":41,"column":36},"end":{"line":197,"column":null}},"1":{"start":{"line":42,"column":17},"end":{"line":42,"column":null}},"2":{"start":{"line":44,"column":2},"end":{"line":44,"column":null}},"3":{"start":{"line":45,"column":2},"end":{"line":45,"column":null}},"4":{"start":{"line":48,"column":2},"end":{"line":63,"column":null}},"5":{"start":{"line":49,"column":16},"end":{"line":49,"column":null}},"6":{"start":{"line":50,"column":4},"end":{"line":55,"column":null}},"7":{"start":{"line":51,"column":6},"end":{"line":54,"column":null}},"8":{"start":{"line":56,"column":4},"end":{"line":62,"column":null}},"9":{"start":{"line":66,"column":2},"end":{"line":105,"column":null}},"10":{"start":{"line":67,"column":16},"end":{"line":67,"column":null}},"11":{"start":{"line":68,"column":4},"end":{"line":77,"column":null}},"12":{"start":{"line":73,"column":6},"end":{"line":76,"column":null}},"13":{"start":{"line":79,"column":15},"end":{"line":79,"column":null}},"14":{"start":{"line":81,"column":4},"end":{"line":102,"column":null}},"15":{"start":{"line":93,"column":8},"end":{"line":93,"column":null}},"16":{"start":{"line":96,"column":8},"end":{"line":101,"column":null}},"17":{"start":{"line":104,"column":4},"end":{"line":104,"column":null}},"18":{"start":{"line":108,"column":2},"end":{"line":120,"column":null}},"19":{"start":{"line":109,"column":16},"end":{"line":109,"column":null}},"20":{"start":{"line":110,"column":15},"end":{"line":110,"column":null}},"21":{"start":{"line":111,"column":37},"end":{"line":118,"column":null}},"22":{"start":{"line":119,"column":4},"end":{"line":119,"column":null}},"23":{"start":{"line":123,"column":2},"end":{"line":126,"column":null}},"24":{"start":{"line":125,"column":11},"end":{"line":125,"column":null}},"25":{"start":{"line":129,"column":2},"end":{"line":132,"column":null}},"26":{"start":{"line":131,"column":11},"end":{"line":131,"column":null}},"27":{"start":{"line":135,"column":2},"end":{"line":143,"column":null}},"28":{"start":{"line":138,"column":6},"end":{"line":142,"column":null}},"29":{"start":{"line":146,"column":2},"end":{"line":187,"column":null}},"30":{"start":{"line":147,"column":16},"end":{"line":147,"column":null}},"31":{"start":{"line":150,"column":6},"end":{"line":167,"column":null}},"32":{"start":{"line":170,"column":6},"end":{"line":184,"column":null}},"33":{"start":{"line":186,"column":4},"end":{"line":186,"column":null}},"34":{"start":{"line":190,"column":2},"end":{"line":194,"column":null}},"35":{"start":{"line":191,"column":26},"end":{"line":191,"column":null}},"36":{"start":{"line":192,"column":26},"end":{"line":192,"column":null}},"37":{"start":{"line":193,"column":4},"end":{"line":193,"column":null}},"38":{"start":{"line":196,"column":2},"end":{"line":196,"column":null}}},"fnMap":{"0":{"name":"(anonymous_0)","decl":{"start":{"line":41,"column":36},"end":{"line":41,"column":42}},"loc":{"start":{"line":41,"column":42},"end":{"line":197,"column":null}}},"1":{"name":"(anonymous_1)","decl":{"start":{"line":48,"column":51},"end":{"line":48,"column":52}},"loc":{"start":{"line":48,"column":58},"end":{"line":63,"column":3}}},"2":{"name":"(anonymous_2)","decl":{"start":{"line":66,"column":47},"end":{"line":66,"column":48}},"loc":{"start":{"line":66,"column":54},"end":{"line":105,"column":3}}},"3":{"name":"(anonymous_3)","decl":{"start":{"line":92,"column":12},"end":{"line":92,"column":18}},"loc":{"start":{"line":92,"column":18},"end":{"line":94,"column":7}}},"4":{"name":"(anonymous_4)","decl":{"start":{"line":95,"column":13},"end":{"line":95,"column":14}},"loc":{"start":{"line":95,"column":29},"end":{"line":102,"column":7}}},"5":{"name":"(anonymous_5)","decl":{"start":{"line":108,"column":47},"end":{"line":108,"column":48}},"loc":{"start":{"line":108,"column":54},"end":{"line":120,"column":3}}},"6":{"name":"(anonymous_6)","decl":{"start":{"line":125,"column":4},"end":{"line":125,"column":5}},"loc":{"start":{"line":125,"column":11},"end":{"line":125,"column":null}}},"7":{"name":"(anonymous_7)","decl":{"start":{"line":131,"column":4},"end":{"line":131,"column":5}},"loc":{"start":{"line":131,"column":11},"end":{"line":131,"column":null}}},"8":{"name":"(anonymous_8)","decl":{"start":{"line":137,"column":4},"end":{"line":137,"column":5}},"loc":{"start":{"line":138,"column":6},"end":{"line":142,"column":null}}},"9":{"name":"(anonymous_9)","decl":{"start":{"line":146,"column":45},"end":{"line":146,"column":46}},"loc":{"start":{"line":146,"column":52},"end":{"line":187,"column":3}}},"10":{"name":"(anonymous_10)","decl":{"start":{"line":190,"column":44},"end":{"line":190,"column":45}},"loc":{"start":{"line":190,"column":51},"end":{"line":194,"column":3}}}},"branchMap":{"0":{"loc":{"start":{"line":50,"column":4},"end":{"line":55,"column":null}},"type":"if","locations":[{"start":{"line":50,"column":4},"end":{"line":55,"column":null}},{"start":{},"end":{}}]},"1":{"loc":{"start":{"line":50,"column":8},"end":{"line":50,"column":61}},"type":"binary-expr","locations":[{"start":{"line":50,"column":8},"end":{"line":50,"column":30}},{"start":{"line":50,"column":30},"end":{"line":50,"column":61}}]},"2":{"loc":{"start":{"line":68,"column":4},"end":{"line":77,"column":null}},"type":"if","locations":[{"start":{"line":68,"column":4},"end":{"line":77,"column":null}},{"start":{},"end":{}}]},"3":{"loc":{"start":{"line":69,"column":6},"end":{"line":71,"column":null}},"type":"binary-expr","locations":[{"start":{"line":69,"column":6},"end":{"line":69,"column":null}},{"start":{"line":70,"column":6},"end":{"line":70,"column":null}},{"start":{"line":71,"column":6},"end":{"line":71,"column":null}}]},"4":{"loc":{"start":{"line":84,"column":10},"end":{"line":90,"column":null}},"type":"binary-expr","locations":[{"start":{"line":84,"column":10},"end":{"line":84,"column":null}},{"start":{"line":85,"column":8},"end":{"line":85,"column":34}},{"start":{"line":85,"column":34},"end":{"line":90,"column":null}}]},"5":{"loc":{"start":{"line":100,"column":17},"end":{"line":100,"column":null}},"type":"cond-expr","locations":[{"start":{"line":100,"column":40},"end":{"line":100,"column":54}},{"start":{"line":100,"column":54},"end":{"line":100,"column":null}}]},"6":{"loc":{"start":{"line":112,"column":10},"end":{"line":114,"column":null}},"type":"binary-expr","locations":[{"start":{"line":112,"column":10},"end":{"line":112,"column":31}},{"start":{"line":112,"column":31},"end":{"line":114,"column":null}}]},"7":{"loc":{"start":{"line":115,"column":10},"end":{"line":117,"column":null}},"type":"binary-expr","locations":[{"start":{"line":115,"column":10},"end":{"line":115,"column":32}},{"start":{"line":115,"column":32},"end":{"line":117,"column":null}}]},"8":{"loc":{"start":{"line":150,"column":6},"end":{"line":167,"column":null}},"type":"cond-expr","locations":[{"start":{"line":151,"column":11},"end":{"line":166,"column":null}},{"start":{"line":167,"column":10},"end":{"line":167,"column":null}}]},"9":{"loc":{"start":{"line":150,"column":6},"end":{"line":150,"column":null}},"type":"binary-expr","locations":[{"start":{"line":150,"column":6},"end":{"line":150,"column":34}},{"start":{"line":150,"column":34},"end":{"line":150,"column":null}}]},"10":{"loc":{"start":{"line":154,"column":16},"end":{"line":156,"column":null}},"type":"binary-expr","locations":[{"start":{"line":154,"column":16},"end":{"line":154,"column":42}},{"start":{"line":154,"column":42},"end":{"line":156,"column":null}}]},"11":{"loc":{"start":{"line":157,"column":16},"end":{"line":159,"column":null}},"type":"binary-expr","locations":[{"start":{"line":157,"column":16},"end":{"line":157,"column":49}},{"start":{"line":157,"column":49},"end":{"line":159,"column":null}}]},"12":{"loc":{"start":{"line":160,"column":16},"end":{"line":162,"column":null}},"type":"binary-expr","locations":[{"start":{"line":160,"column":16},"end":{"line":160,"column":49}},{"start":{"line":160,"column":49},"end":{"line":162,"column":null}}]},"13":{"loc":{"start":{"line":163,"column":16},"end":{"line":165,"column":null}},"type":"binary-expr","locations":[{"start":{"line":163,"column":16},"end":{"line":163,"column":42}},{"start":{"line":163,"column":42},"end":{"line":165,"column":null}}]},"14":{"loc":{"start":{"line":170,"column":6},"end":{"line":184,"column":null}},"type":"cond-expr","locations":[{"start":{"line":171,"column":11},"end":{"line":183,"column":null}},{"start":{"line":184,"column":10},"end":{"line":184,"column":null}}]},"15":{"loc":{"start":{"line":170,"column":6},"end":{"line":170,"column":null}},"type":"binary-expr","locations":[{"start":{"line":170,"column":6},"end":{"line":170,"column":34}},{"start":{"line":170,"column":34},"end":{"line":170,"column":null}}]},"16":{"loc":{"start":{"line":174,"column":16},"end":{"line":176,"column":null}},"type":"binary-expr","locations":[{"start":{"line":174,"column":16},"end":{"line":174,"column":42}},{"start":{"line":174,"column":42},"end":{"line":176,"column":null}}]},"17":{"loc":{"start":{"line":177,"column":16},"end":{"line":179,"column":null}},"type":"binary-expr","locations":[{"start":{"line":177,"column":16},"end":{"line":177,"column":49}},{"start":{"line":177,"column":49},"end":{"line":179,"column":null}}]},"18":{"loc":{"start":{"line":180,"column":16},"end":{"line":182,"column":null}},"type":"binary-expr","locations":[{"start":{"line":180,"column":16},"end":{"line":180,"column":42}},{"start":{"line":180,"column":42},"end":{"line":182,"column":null}}]}},"s":{"0":4,"1":3,"2":3,"3":3,"4":3,"5":0,"6":0,"7":0,"8":0,"9":3,"10":0,"11":0,"12":0,"13":0,"14":0,"15":0,"16":0,"17":0,"18":3,"19":2,"20":2,"21":2,"22":2,"23":3,"24":2,"25":3,"26":2,"27":3,"28":2,"29":3,"30":1,"31":1,"32":1,"33":1,"34":3,"35":0,"36":0,"37":0,"38":3},"f":{"0":3,"1":0,"2":0,"3":0,"4":0,"5":2,"6":2,"7":2,"8":2,"9":1,"10":0},"b":{"0":[0,0],"1":[0,0],"2":[0,0],"3":[0,0,0],"4":[0,0,0],"5":[0,0],"6":[2,0],"7":[2,0],"8":[0,1],"9":[1,0],"10":[0,0],"11":[0,0],"12":[0,0],"13":[0,0],"14":[0,1],"15":[1,0],"16":[0,0],"17":[0,0],"18":[0,0]}}
,"/Users/casey/Developer/github/mcp-ts-template/src/container/registrations/mcp.ts": {"path":"/Users/casey/Developer/github/mcp-ts-template/src/container/registrations/mcp.ts","statementMap":{"0":{"start":{"line":36,"column":35},"end":{"line":89,"column":null}},"1":{"start":{"line":38,"column":2},"end":{"line":40,"column":null}},"2":{"start":{"line":39,"column":4},"end":{"line":39,"column":null}},"3":{"start":{"line":43,"column":2},"end":{"line":45,"column":null}},"4":{"start":{"line":44,"column":4},"end":{"line":44,"column":null}},"5":{"start":{"line":48,"column":2},"end":{"line":51,"column":null}},"6":{"start":{"line":50,"column":11},"end":{"line":50,"column":null}},"7":{"start":{"line":53,"column":2},"end":{"line":56,"column":null}},"8":{"start":{"line":55,"column":11},"end":{"line":55,"column":null}},"9":{"start":{"line":58,"column":2},"end":{"line":61,"column":null}},"10":{"start":{"line":60,"column":11},"end":{"line":60,"column":null}},"11":{"start":{"line":63,"column":2},"end":{"line":66,"column":null}},"12":{"start":{"line":65,"column":11},"end":{"line":65,"column":null}},"13":{"start":{"line":69,"column":2},"end":{"line":72,"column":null}},"14":{"start":{"line":71,"column":11},"end":{"line":71,"column":null}},"15":{"start":{"line":75,"column":2},"end":{"line":75,"column":null}},"16":{"start":{"line":78,"column":2},"end":{"line":86,"column":null}},"17":{"start":{"line":81,"column":6},"end":{"line":85,"column":null}},"18":{"start":{"line":88,"column":2},"end":{"line":88,"column":null}}},"fnMap":{"0":{"name":"(anonymous_0)","decl":{"start":{"line":36,"column":35},"end":{"line":36,"column":41}},"loc":{"start":{"line":36,"column":41},"end":{"line":89,"column":null}}},"1":{"name":"(anonymous_1)","decl":{"start":{"line":50,"column":4},"end":{"line":50,"column":5}},"loc":{"start":{"line":50,"column":11},"end":{"line":50,"column":null}}},"2":{"name":"(anonymous_2)","decl":{"start":{"line":55,"column":4},"end":{"line":55,"column":5}},"loc":{"start":{"line":55,"column":11},"end":{"line":55,"column":null}}},"3":{"name":"(anonymous_3)","decl":{"start":{"line":60,"column":4},"end":{"line":60,"column":5}},"loc":{"start":{"line":60,"column":11},"end":{"line":60,"column":null}}},"4":{"name":"(anonymous_4)","decl":{"start":{"line":65,"column":4},"end":{"line":65,"column":5}},"loc":{"start":{"line":65,"column":11},"end":{"line":65,"column":null}}},"5":{"name":"(anonymous_5)","decl":{"start":{"line":71,"column":4},"end":{"line":71,"column":5}},"loc":{"start":{"line":71,"column":11},"end":{"line":71,"column":null}}},"6":{"name":"(anonymous_6)","decl":{"start":{"line":80,"column":4},"end":{"line":80,"column":5}},"loc":{"start":{"line":81,"column":6},"end":{"line":85,"column":null}}}},"branchMap":{},"s":{"0":3,"1":2,"2":14,"3":2,"4":4,"5":2,"6":0,"7":2,"8":0,"9":2,"10":0,"11":2,"12":0,"13":2,"14":0,"15":2,"16":2,"17":1,"18":2},"f":{"0":2,"1":0,"2":0,"3":0,"4":0,"5":0,"6":1},"b":{}}
,"/Users/casey/Developer/github/mcp-ts-template/src/mcp-server/server.ts": {"path":"/Users/casey/Developer/github/mcp-ts-template/src/mcp-server/server.ts","statementMap":{"0":{"start":{"line":37,"column":18},"end":{"line":39,"column":null}},"1":{"start":{"line":40,"column":2},"end":{"line":40,"column":null}},"2":{"start":{"line":42,"column":2},"end":{"line":46,"column":null}},"3":{"start":{"line":48,"column":17},"end":{"line":69,"column":null}},"4":{"start":{"line":71,"column":2},"end":{"line":95,"column":null}},"5":{"start":{"line":72,"column":4},"end":{"line":72,"column":null}},"6":{"start":{"line":75,"column":25},"end":{"line":75,"column":null}},"7":{"start":{"line":76,"column":4},"end":{"line":76,"column":null}},"8":{"start":{"line":78,"column":29},"end":{"line":78,"column":null}},"9":{"start":{"line":79,"column":4},"end":{"line":79,"column":null}},"10":{"start":{"line":81,"column":27},"end":{"line":81,"column":null}},"11":{"start":{"line":82,"column":4},"end":{"line":82,"column":null}},"12":{"start":{"line":84,"column":26},"end":{"line":84,"column":null}},"13":{"start":{"line":85,"column":4},"end":{"line":85,"column":null}},"14":{"start":{"line":87,"column":4},"end":{"line":87,"column":null}},"15":{"start":{"line":89,"column":4},"end":{"line":93,"column":null}},"16":{"start":{"line":94,"column":4},"end":{"line":94,"column":null}},"17":{"start":{"line":97,"column":2},"end":{"line":97,"column":null}}},"fnMap":{"0":{"name":"createMcpServerInstance","decl":{"start":{"line":36,"column":22},"end":{"line":36,"column":68}},"loc":{"start":{"line":36,"column":68},"end":{"line":98,"column":null}}}},"branchMap":{"0":{"loc":{"start":{"line":91,"column":13},"end":{"line":91,"column":null}},"type":"cond-expr","locations":[{"start":{"line":91,"column":36},"end":{"line":91,"column":50}},{"start":{"line":91,"column":50},"end":{"line":91,"column":null}}]},"1":{"loc":{"start":{"line":92,"column":13},"end":{"line":92,"column":null}},"type":"cond-expr","locations":[{"start":{"line":92,"column":36},"end":{"line":92,"column":48}},{"start":{"line":92,"column":48},"end":{"line":92,"column":null}}]}},"s":{"0":10,"1":10,"2":10,"3":10,"4":10,"5":10,"6":10,"7":10,"8":8,"9":8,"10":7,"11":7,"12":7,"13":7,"14":7,"15":3,"16":3,"17":7},"f":{"0":10},"b":{"0":[2,1],"1":[2,1]}}
,"/Users/casey/Developer/github/mcp-ts-template/src/mcp-server/prompts/prompt-registration.ts": {"path":"/Users/casey/Developer/github/mcp-ts-template/src/mcp-server/prompts/prompt-registration.ts","statementMap":{"0":{"start":{"line":18,"column":22},"end":{"line":18,"column":52}},"1":{"start":{"line":24,"column":20},"end":{"line":26,"column":null}},"2":{"start":{"line":28,"column":4},"end":{"line":31,"column":null}},"3":{"start":{"line":34,"column":4},"end":{"line":52,"column":null}},"4":{"start":{"line":35,"column":6},"end":{"line":35,"column":null}},"5":{"start":{"line":37,"column":6},"end":{"line":49,"column":null}},"6":{"start":{"line":46,"column":27},"end":{"line":46,"column":null}},"7":{"start":{"line":47,"column":10},"end":{"line":47,"column":null}},"8":{"start":{"line":51,"column":6},"end":{"line":51,"column":null}},"9":{"start":{"line":54,"column":4},"end":{"line":57,"column":null}}},"fnMap":{"0":{"name":"(anonymous_0)","decl":{"start":{"line":18,"column":2},"end":{"line":18,"column":22}},"loc":{"start":{"line":18,"column":52},"end":{"line":18,"column":null}}},"1":{"name":"(anonymous_1)","decl":{"start":{"line":23,"column":2},"end":{"line":23,"column":14}},"loc":{"start":{"line":23,"column":39},"end":{"line":58,"column":null}}},"2":{"name":"(anonymous_2)","decl":{"start":{"line":45,"column":8},"end":{"line":45,"column":15}},"loc":{"start":{"line":45,"column":49},"end":{"line":48,"column":null}}}},"branchMap":{"0":{"loc":{"start":{"line":41,"column":14},"end":{"line":43,"column":null}},"type":"binary-expr","locations":[{"start":{"line":41,"column":14},"end":{"line":41,"column":43}},{"start":{"line":41,"column":43},"end":{"line":43,"column":null}}]}},"s":{"0":15,"1":15,"2":15,"3":15,"4":15,"5":15,"6":3,"7":3,"8":15,"9":15},"f":{"0":15,"1":15,"2":3},"b":{"0":[15,15]}}
,"/Users/casey/Developer/github/mcp-ts-template/src/mcp-server/prompts/definitions/code-review.prompt.ts": {"path":"/Users/casey/Developer/github/mcp-ts-template/src/mcp-server/prompts/definitions/code-review.prompt.ts","statementMap":{"0":{"start":{"line":9,"column":20},"end":{"line":9,"column":null}},"1":{"start":{"line":11,"column":2},"end":{"line":11,"column":null}},"2":{"start":{"line":13,"column":24},"end":{"line":30,"column":null}},"3":{"start":{"line":32,"column":74},"end":{"line":76,"column":null}},"4":{"start":{"line":37,"column":19},"end":{"line":37,"column":null}},"5":{"start":{"line":38,"column":28},"end":{"line":38,"column":null}},"6":{"start":{"line":40,"column":50},"end":{"line":49,"column":null}},"7":{"start":{"line":51,"column":28},"end":{"line":53,"column":null}},"8":{"start":{"line":55,"column":4},"end":{"line":74,"column":null}}},"fnMap":{"0":{"name":"(anonymous_0)","decl":{"start":{"line":36,"column":12},"end":{"line":36,"column":13}},"loc":{"start":{"line":36,"column":22},"end":{"line":75,"column":null}}}},"branchMap":{"0":{"loc":{"start":{"line":37,"column":19},"end":{"line":37,"column":null}},"type":"binary-expr","locations":[{"start":{"line":37,"column":19},"end":{"line":37,"column":44}},{"start":{"line":37,"column":44},"end":{"line":37,"column":null}}]},"1":{"loc":{"start":{"line":51,"column":28},"end":{"line":53,"column":null}},"type":"cond-expr","locations":[{"start":{"line":52,"column":8},"end":{"line":52,"column":null}},{"start":{"line":53,"column":8},"end":{"line":53,"column":null}}]},"2":{"loc":{"start":{"line":60,"column":50},"end":{"line":60,"column":106}},"type":"cond-expr","locations":[{"start":{"line":60,"column":66},"end":{"line":60,"column":104}},{"start":{"line":60,"column":104},"end":{"line":60,"column":106}}]},"3":{"loc":{"start":{"line":63,"column":2},"end":{"line":63,"column":50}},"type":"binary-expr","locations":[{"start":{"line":63,"column":2},"end":{"line":63,"column":26}},{"start":{"line":63,"column":26},"end":{"line":63,"column":50}}]}},"s":{"0":5,"1":5,"2":5,"3":5,"4":14,"5":14,"6":14,"7":14,"8":14},"f":{"0":14},"b":{"0":[14,11],"1":[1,13],"2":[1,13],"3":[14,0]}}
,"/Users/casey/Developer/github/mcp-ts-template/src/mcp-server/prompts/definitions/index.ts": {"path":"/Users/casey/Developer/github/mcp-ts-template/src/mcp-server/prompts/definitions/index.ts","statementMap":{"0":{"start":{"line":12,"column":36},"end":{"line":12,"column":null}}},"fnMap":{},"branchMap":{},"s":{"0":4},"f":{},"b":{}}
,"/Users/casey/Developer/github/mcp-ts-template/src/mcp-server/resources/resource-registration.ts": {"path":"/Users/casey/Developer/github/mcp-ts-template/src/mcp-server/resources/resource-registration.ts","statementMap":{"0":{"start":{"line":16,"column":12},"end":{"line":16,"column":null}},"1":{"start":{"line":27,"column":20},"end":{"line":29,"column":null}},"2":{"start":{"line":30,"column":4},"end":{"line":33,"column":null}},"3":{"start":{"line":34,"column":4},"end":{"line":36,"column":null}},"4":{"start":{"line":35,"column":6},"end":{"line":35,"column":null}}},"fnMap":{"0":{"name":"(anonymous_0)","decl":{"start":{"line":15,"column":2},"end":{"line":15,"column":null}},"loc":{"start":{"line":20,"column":4},"end":{"line":20,"column":null}}},"1":{"name":"(anonymous_1)","decl":{"start":{"line":26,"column":2},"end":{"line":26,"column":15}},"loc":{"start":{"line":26,"column":61},"end":{"line":37,"column":null}}}},"branchMap":{},"s":{"0":19,"1":4,"2":4,"3":4,"4":0},"f":{"0":19,"1":4},"b":{}}
,"/Users/casey/Developer/github/mcp-ts-template/src/mcp-server/resources/definitions/data-explorer-ui.app-resource.ts": {"path":"/Users/casey/Developer/github/mcp-ts-template/src/mcp-server/resources/definitions/data-explorer-ui.app-resource.ts","statementMap":{"0":{"start":{"line":25,"column":21},"end":{"line":27,"column":null}},"1":{"start":{"line":31,"column":17},"end":{"line":31,"column":null}},"2":{"start":{"line":298,"column":2},"end":{"line":301,"column":null}},"3":{"start":{"line":302,"column":2},"end":{"line":302,"column":null}},"4":{"start":{"line":307,"column":79},"end":{"line":334,"column":null}},"5":{"start":{"line":316,"column":21},"end":{"line":326,"column":null}},"6":{"start":{"line":331,"column":39},"end":{"line":333,"column":null}}},"fnMap":{"0":{"name":"dataExplorerUiLogic","decl":{"start":{"line":293,"column":9},"end":{"line":293,"column":null}},"loc":{"start":{"line":297,"column":10},"end":{"line":303,"column":null}}},"1":{"name":"(anonymous_1)","decl":{"start":{"line":316,"column":8},"end":{"line":316,"column":9}},"loc":{"start":{"line":316,"column":21},"end":{"line":326,"column":null}}},"2":{"name":"(anonymous_2)","decl":{"start":{"line":331,"column":21},"end":{"line":331,"column":22}},"loc":{"start":{"line":331,"column":39},"end":{"line":333,"column":null}}}},"branchMap":{},"s":{"0":7,"1":7,"2":1,"3":1,"4":7,"5":1,"6":1},"f":{"0":1,"1":1,"2":1},"b":{}}
,"/Users/casey/Developer/github/mcp-ts-template/src/mcp-server/resources/definitions/echo.resource.ts": {"path":"/Users/casey/Developer/github/mcp-ts-template/src/mcp-server/resources/definitions/echo.resource.ts","statementMap":{"0":{"start":{"line":13,"column":21},"end":{"line":22,"column":null}},"1":{"start":{"line":24,"column":21},"end":{"line":36,"column":null}},"2":{"start":{"line":46,"column":26},"end":{"line":46,"column":null}},"3":{"start":{"line":48,"column":4},"end":{"line":48,"column":null}},"4":{"start":{"line":50,"column":2},"end":{"line":54,"column":null}},"5":{"start":{"line":56,"column":38},"end":{"line":60,"column":null}},"6":{"start":{"line":62,"column":2},"end":{"line":67,"column":null}},"7":{"start":{"line":69,"column":2},"end":{"line":69,"column":null}},"8":{"start":{"line":75,"column":4},"end":{"line":101,"column":null}},"9":{"start":{"line":90,"column":4},"end":{"line":98,"column":null}}},"fnMap":{"0":{"name":"echoLogic","decl":{"start":{"line":41,"column":9},"end":{"line":41,"column":null}},"loc":{"start":{"line":45,"column":14},"end":{"line":70,"column":null}}},"1":{"name":"(anonymous_1)","decl":{"start":{"line":85,"column":8},"end":{"line":85,"column":9}},"loc":{"start":{"line":85,"column":20},"end":{"line":99,"column":null}}}},"branchMap":{"0":{"loc":{"start":{"line":46,"column":26},"end":{"line":46,"column":null}},"type":"binary-expr","locations":[{"start":{"line":46,"column":26},"end":{"line":46,"column":42}},{"start":{"line":46,"column":42},"end":{"line":46,"column":null}}]},"1":{"loc":{"start":{"line":48,"column":4},"end":{"line":48,"column":null}},"type":"binary-expr","locations":[{"start":{"line":48,"column":4},"end":{"line":48,"column":22}},{"start":{"line":48,"column":22},"end":{"line":48,"column":41}},{"start":{"line":48,"column":41},"end":{"line":48,"column":null}}]}},"s":{"0":7,"1":7,"2":1,"3":1,"4":1,"5":1,"6":1,"7":1,"8":7,"9":1},"f":{"0":1,"1":1},"b":{"0":[1,0],"1":[1,0,0]}}
,"/Users/casey/Developer/github/mcp-ts-template/src/mcp-server/resources/definitions/index.ts": {"path":"/Users/casey/Developer/github/mcp-ts-template/src/mcp-server/resources/definitions/index.ts","statementMap":{"0":{"start":{"line":16,"column":38},"end":{"line":20,"column":null}}},"fnMap":{},"branchMap":{},"s":{"0":6},"f":{},"b":{}}
,"/Users/casey/Developer/github/mcp-ts-template/src/mcp-server/resources/utils/resourceHandlerFactory.ts": {"path":"/Users/casey/Developer/github/mcp-ts-template/src/mcp-server/resources/utils/resourceHandlerFactory.ts","statementMap":{"0":{"start":{"line":33,"column":2},"end":{"line":39,"column":null}},"1":{"start":{"line":48,"column":2},"end":{"line":58,"column":null}},"2":{"start":{"line":49,"column":4},"end":{"line":57,"column":null}},"3":{"start":{"line":62,"column":2},"end":{"line":74,"column":null}},"4":{"start":{"line":63,"column":4},"end":{"line":73,"column":null}},"5":{"start":{"line":64,"column":6},"end":{"line":72,"column":null}},"6":{"start":{"line":76,"column":2},"end":{"line":76,"column":null}},"7":{"start":{"line":89,"column":23},"end":{"line":89,"column":null}},"8":{"start":{"line":91,"column":4},"end":{"line":94,"column":null}},"9":{"start":{"line":96,"column":2},"end":{"line":96,"column":null}},"10":{"start":{"line":98,"column":2},"end":{"line":185,"column":null}},"11":{"start":{"line":100,"column":23},"end":{"line":102,"column":null}},"12":{"start":{"line":104,"column":23},"end":{"line":104,"column":null}},"13":{"start":{"line":106,"column":8},"end":{"line":106,"column":null}},"14":{"start":{"line":107,"column":20},"end":{"line":107,"column":null}},"15":{"start":{"line":109,"column":6},"end":{"line":172,"column":null}},"16":{"start":{"line":120,"column":12},"end":{"line":122,"column":null}},"17":{"start":{"line":125,"column":12},"end":{"line":133,"column":null}},"18":{"start":{"line":135,"column":10},"end":{"line":170,"column":null}},"19":{"start":{"line":142,"column":33},"end":{"line":142,"column":null}},"20":{"start":{"line":143,"column":34},"end":{"line":147,"column":null}},"21":{"start":{"line":149,"column":41},"end":{"line":152,"column":null}},"22":{"start":{"line":154,"column":29},"end":{"line":159,"column":null}},"23":{"start":{"line":161,"column":51},"end":{"line":161,"column":null}},"24":{"start":{"line":162,"column":12},"end":{"line":162,"column":null}},"25":{"start":{"line":165,"column":12},"end":{"line":169,"column":null}},"26":{"start":{"line":174,"column":6},"end":{"line":177,"column":null}}},"fnMap":{"0":{"name":"defaultResponseFormatter","decl":{"start":{"line":29,"column":9},"end":{"line":29,"column":null}},"loc":{"start":{"line":32,"column":34},"end":{"line":40,"column":null}}},"1":{"name":"ensureResourceContents","decl":{"start":{"line":42,"column":9},"end":{"line":42,"column":null}},"loc":{"start":{"line":47,"column":34},"end":{"line":77,"column":null}}},"2":{"name":"registerResource","decl":{"start":{"line":82,"column":22},"end":{"line":82,"column":null}},"loc":{"start":{"line":88,"column":17},"end":{"line":186,"column":null}}},"3":{"name":"(anonymous_3)","decl":{"start":{"line":99,"column":4},"end":{"line":99,"column":10}},"loc":{"start":{"line":99,"column":10},"end":{"line":178,"column":null}}},"4":{"name":"(anonymous_4)","decl":{"start":{"line":118,"column":8},"end":{"line":118,"column":15}},"loc":{"start":{"line":118,"column":73},"end":{"line":171,"column":null}}}},"branchMap":{"0":{"loc":{"start":{"line":48,"column":2},"end":{"line":58,"column":null}},"type":"if","locations":[{"start":{"line":48,"column":2},"end":{"line":58,"column":null}},{"start":{},"end":{}}]},"1":{"loc":{"start":{"line":63,"column":4},"end":{"line":73,"column":null}},"type":"if","locations":[{"start":{"line":63,"column":4},"end":{"line":73,"column":null}},{"start":{},"end":{}}]},"2":{"loc":{"start":{"line":63,"column":8},"end":{"line":63,"column":71}},"type":"binary-expr","locations":[{"start":{"line":63,"column":8},"end":{"line":63,"column":36}},{"start":{"line":63,"column":36},"end":{"line":63,"column":53}},{"start":{"line":63,"column":53},"end":{"line":63,"column":71}}]},"3":{"loc":{"start":{"line":104,"column":23},"end":{"line":104,"column":null}},"type":"binary-expr","locations":[{"start":{"line":104,"column":23},"end":{"line":104,"column":39}},{"start":{"line":104,"column":39},"end":{"line":104,"column":null}}]},"4":{"loc":{"start":{"line":106,"column":8},"end":{"line":106,"column":null}},"type":"binary-expr","locations":[{"start":{"line":106,"column":8},"end":{"line":106,"column":33}},{"start":{"line":106,"column":33},"end":{"line":106,"column":null}}]},"5":{"loc":{"start":{"line":107,"column":20},"end":{"line":107,"column":null}},"type":"binary-expr","locations":[{"start":{"line":107,"column":20},"end":{"line":107,"column":33}},{"start":{"line":107,"column":33},"end":{"line":107,"column":null}}]},"6":{"loc":{"start":{"line":116,"column":14},"end":{"line":116,"column":null}},"type":"binary-expr","locations":[{"start":{"line":116,"column":14},"end":{"line":116,"column":30}},{"start":{"line":116,"column":30},"end":{"line":116,"column":null}}]},"7":{"loc":{"start":{"line":120,"column":12},"end":{"line":122,"column":null}},"type":"cond-expr","locations":[{"start":{"line":121,"column":16},"end":{"line":121,"column":null}},{"start":{"line":122,"column":16},"end":{"line":122,"column":null}}]}},"s":{"0":5,"1":8,"2":1,"3":7,"4":7,"5":1,"6":6,"7":13,"8":13,"9":13,"10":13,"11":13,"12":13,"13":13,"14":13,"15":13,"16":12,"17":12,"18":12,"19":12,"20":9,"21":8,"22":8,"23":6,"24":6,"25":6,"26":13},"f":{"0":5,"1":8,"2":13,"3":13,"4":12},"b":{"0":[1,7],"1":[1,6],"2":[7,7,7],"3":[13,12],"4":[13,10],"5":[13,12],"6":[13,1],"7":[2,10]}}
,"/Users/casey/Developer/github/mcp-ts-template/src/mcp-server/roots/roots-registration.ts": {"path":"/Users/casey/Developer/github/mcp-ts-template/src/mcp-server/roots/roots-registration.ts","statementMap":{"0":{"start":{"line":17,"column":22},"end":{"line":17,"column":52}},"1":{"start":{"line":26,"column":20},"end":{"line":28,"column":null}},"2":{"start":{"line":30,"column":4},"end":{"line":33,"column":null}},"3":{"start":{"line":40,"column":4},"end":{"line":40,"column":null}}},"fnMap":{"0":{"name":"(anonymous_0)","decl":{"start":{"line":17,"column":2},"end":{"line":17,"column":22}},"loc":{"start":{"line":17,"column":52},"end":{"line":17,"column":null}}},"1":{"name":"(anonymous_1)","decl":{"start":{"line":25,"column":2},"end":{"line":25,"column":14}},"loc":{"start":{"line":25,"column":40},"end":{"line":41,"column":null}}}},"branchMap":{},"s":{"0":9,"1":8,"2":8,"3":8},"f":{"0":9,"1":8},"b":{}}
[...]
umn":19},"end":{"line":171,"column":null}}},"5":{"name":"createObservableCounter","decl":{"start":{"line":195,"column":16},"end":{"line":195,"column":null}},"loc":{"start":{"line":200,"column":2},"end":{"line":203,"column":null}}},"6":{"name":"createObservableUpDownCounter","decl":{"start":{"line":226,"column":16},"end":{"line":226,"column":null}},"loc":{"start":{"line":231,"column":2},"end":{"line":234,"column":null}}}},"branchMap":{"0":{"loc":{"start":{"line":32,"column":4},"end":{"line":32,"column":null}},"type":"binary-expr","locations":[{"start":{"line":32,"column":4},"end":{"line":32,"column":12}},{"start":{"line":32,"column":12},"end":{"line":32,"column":null}}]},"1":{"loc":{"start":{"line":64,"column":2},"end":{"line":64,"column":null}},"type":"default-arg","locations":[{"start":{"line":64,"column":9},"end":{"line":64,"column":null}}]},"2":{"loc":{"start":{"line":94,"column":2},"end":{"line":94,"column":null}},"type":"default-arg","locations":[{"start":{"line":94,"column":9},"end":{"line":94,"column":null}}]},"3":{"loc":{"start":{"line":131,"column":18},"end":{"line":131,"column":null}},"type":"cond-expr","locations":[{"start":{"line":131,"column":25},"end":{"line":131,"column":49}},{"start":{"line":131,"column":49},"end":{"line":131,"column":null}}]},"4":{"loc":{"start":{"line":169,"column":18},"end":{"line":169,"column":null}},"type":"cond-expr","locations":[{"start":{"line":169,"column":25},"end":{"line":169,"column":49}},{"start":{"line":169,"column":49},"end":{"line":169,"column":null}}]},"5":{"loc":{"start":{"line":199,"column":2},"end":{"line":199,"column":null}},"type":"default-arg","locations":[{"start":{"line":199,"column":9},"end":{"line":199,"column":null}}]},"6":{"loc":{"start":{"line":230,"column":2},"end":{"line":230,"column":null}},"type":"default-arg","locations":[{"start":{"line":230,"column":9},"end":{"line":230,"column":null}}]}},"s":{"0":32,"1":9,"2":9,"3":4,"4":4,"5":5,"6":5,"7":5,"8":4,"9":4,"10":4,"11":3,"12":3,"13":3,"14":3},"f":{"0":32,"1":9,"2":4,"3":5,"4":4,"5":3,"6":3},"b":{"0":[32,30],"1":[8],"2":[3],"3":[2,3],"4":[1,3],"5":[2],"6":[2]}}
,"/Users/casey/Developer/github/mcp-ts-template/src/utils/telemetry/semconv.ts": {"path":"/Users/casey/Developer/github/mcp-ts-template/src/utils/telemetry/semconv.ts","statementMap":{"0":{"start":{"line":20,"column":33},"end":{"line":20,"column":null}},"1":{"start":{"line":21,"column":36},"end":{"line":21,"column":null}},"2":{"start":{"line":22,"column":40},"end":{"line":22,"column":null}},"3":{"start":{"line":28,"column":48},"end":{"line":28,"column":null}},"4":{"start":{"line":34,"column":35},"end":{"line":34,"column":null}},"5":{"start":{"line":35,"column":35},"end":{"line":35,"column":null}},"6":{"start":{"line":36,"column":33},"end":{"line":36,"column":null}},"7":{"start":{"line":37,"column":44},"end":{"line":37,"column":null}},"8":{"start":{"line":38,"column":37},"end":{"line":38,"column":null}},"9":{"start":{"line":44,"column":40},"end":{"line":44,"column":null}},"10":{"start":{"line":45,"column":46},"end":{"line":45,"column":null}},"11":{"start":{"line":46,"column":31},"end":{"line":46,"column":null}},"12":{"start":{"line":47,"column":43},"end":{"line":47,"column":null}},"13":{"start":{"line":48,"column":44},"end":{"line":48,"column":null}},"14":{"start":{"line":49,"column":29},"end":{"line":49,"column":null}},"15":{"start":{"line":50,"column":29},"end":{"line":50,"column":null}},"16":{"start":{"line":51,"column":30},"end":{"line":51,"column":null}},"17":{"start":{"line":52,"column":31},"end":{"line":52,"column":null}},"18":{"start":{"line":58,"column":31},"end":{"line":58,"column":null}},"19":{"start":{"line":59,"column":35},"end":{"line":59,"column":null}},"20":{"start":{"line":60,"column":38},"end":{"line":60,"column":null}},"21":{"start":{"line":61,"column":41},"end":{"line":61,"column":null}},"22":{"start":{"line":67,"column":34},"end":{"line":67,"column":null}},"23":{"start":{"line":68,"column":35},"end":{"line":68,"column":null}},"24":{"start":{"line":69,"column":34},"end":{"line":69,"column":null}},"25":{"start":{"line":70,"column":32},"end":{"line":70,"column":null}},"26":{"start":{"line":76,"column":41},"end":{"line":76,"column":null}},"27":{"start":{"line":77,"column":38},"end":{"line":77,"column":null}},"28":{"start":{"line":78,"column":42},"end":{"line":78,"column":null}},"29":{"start":{"line":79,"column":45},"end":{"line":79,"column":null}},"30":{"start":{"line":84,"column":40},"end":{"line":84,"column":null}},"31":{"start":{"line":94,"column":34},"end":{"line":94,"column":null}},"32":{"start":{"line":95,"column":41},"end":{"line":95,"column":null}},"33":{"start":{"line":96,"column":42},"end":{"line":96,"column":null}},"34":{"start":{"line":97,"column":41},"end":{"line":97,"column":null}},"35":{"start":{"line":98,"column":37},"end":{"line":98,"column":null}},"36":{"start":{"line":99,"column":40},"end":{"line":99,"column":null}},"37":{"start":{"line":105,"column":2},"end":{"line":105,"column":null}},"38":{"start":{"line":106,"column":46},"end":{"line":106,"column":null}},"39":{"start":{"line":107,"column":46},"end":{"line":107,"column":null}},"40":{"start":{"line":113,"column":2},"end":{"line":113,"column":null}},"41":{"start":{"line":115,"column":2},"end":{"line":115,"column":null}},"42":{"start":{"line":117,"column":2},"end":{"line":117,"column":null}},"43":{"start":{"line":126,"column":37},"end":{"line":126,"column":null}},"44":{"start":{"line":127,"column":43},"end":{"line":127,"column":null}},"45":{"start":{"line":128,"column":44},"end":{"line":128,"column":null}},"46":{"start":{"line":137,"column":35},"end":{"line":137,"column":null}},"47":{"start":{"line":138,"column":39},"end":{"line":138,"column":null}},"48":{"start":{"line":139,"column":34},"end":{"line":139,"column":null}},"49":{"start":{"line":140,"column":34},"end":{"line":140,"column":null}},"50":{"start":{"line":141,"column":35},"end":{"line":141,"column":null}}},"fnMap":{},"branchMap":{},"s":{"0":107,"1":107,"2":107,"3":107,"4":107,"5":107,"6":107,"7":107,"8":107,"9":107,"10":107,"11":107,"12":107,"13":107,"14":107,"15":107,"16":107,"17":107,"18":107,"19":107,"20":107,"21":107,"22":107,"23":107,"24":107,"25":107,"26":107,"27":107,"28":107,"29":107,"30":107,"31":107,"32":107,"33":107,"34":107,"35":107,"36":107,"37":107,"38":107,"39":107,"40":107,"41":107,"42":107,"43":107,"44":107,"45":107,"46":107,"47":107,"48":107,"49":107,"50":107},"f":{},"b":{}}
,"/Users/casey/Developer/github/mcp-ts-template/src/utils/telemetry/trace.ts": {"path":"/Users/casey/Developer/github/mcp-ts-template/src/utils/telemetry/trace.ts","statementMap":{"0":{"start":{"line":48,"column":5},"end":{"line":49,"column":null}},"1":{"start":{"line":51,"column":5},"end":{"line":52,"column":null}},"2":{"start":{"line":53,"column":2},"end":{"line":53,"column":null}},"3":{"start":{"line":53,"column":27},"end":{"line":53,"column":null}},"4":{"start":{"line":55,"column":2},"end":{"line":55,"column":null}},"5":{"start":{"line":81,"column":4},"end":{"line":83,"column":null}},"6":{"start":{"line":85,"column":2},"end":{"line":85,"column":null}},"7":{"start":{"line":85,"column":20},"end":{"line":85,"column":null}},"8":{"start":{"line":88,"column":16},"end":{"line":90,"column":null}},"9":{"start":{"line":91,"column":2},"end":{"line":91,"column":null}},"10":{"start":{"line":91,"column":53},"end":{"line":91,"column":null}},"11":{"start":{"line":93,"column":2},"end":{"line":97,"column":null}},"12":{"start":{"line":122,"column":20},"end":{"line":122,"column":null}},"13":{"start":{"line":123,"column":2},"end":{"line":129,"column":null}},"14":{"start":{"line":150,"column":2},"end":{"line":150,"column":null}},"15":{"start":{"line":151,"column":2},"end":{"line":151,"column":null}},"16":{"start":{"line":179,"column":17},"end":{"line":182,"column":null}},"17":{"start":{"line":184,"column":2},"end":{"line":205,"column":null}},"18":{"start":{"line":185,"column":4},"end":{"line":187,"column":null}},"19":{"start":{"line":186,"column":6},"end":{"line":186,"column":null}},"20":{"start":{"line":189,"column":4},"end":{"line":204,"column":null}},"21":{"start":{"line":190,"column":21},"end":{"line":190,"column":null}},"22":{"start":{"line":191,"column":6},"end":{"line":191,"column":null}},"23":{"start":{"line":192,"column":6},"end":{"line":192,"column":null}},"24":{"start":{"line":194,"column":6},"end":{"line":196,"column":null}},"25":{"start":{"line":197,"column":6},"end":{"line":200,"column":null}},"26":{"start":{"line":201,"column":6},"end":{"line":201,"column":null}},"27":{"start":{"line":203,"column":6},"end":{"line":203,"column":null}},"28":{"start":{"line":232,"column":2},"end":{"line":234,"column":null}},"29":{"start":{"line":233,"column":4},"end":{"line":233,"column":null}},"30":{"start":{"line":239,"column":2},"end":{"line":239,"column":null}}},"fnMap":{"0":{"name":"buildTraceparent","decl":{"start":{"line":46,"column":16},"end":{"line":46,"column":33}},"loc":{"start":{"line":46,"column":75},"end":{"line":56,"column":null}}},"1":{"name":"extractTraceparent","decl":{"start":{"line":77,"column":16},"end":{"line":77,"column":null}},"loc":{"start":{"line":79,"column":31},"end":{"line":98,"column":null}}},"2":{"name":"createContextWithParentTrace","decl":{"start":{"line":118,"column":16},"end":{"line":118,"column":null}},"loc":{"start":{"line":121,"column":18},"end":{"line":130,"column":null}}},"3":{"name":"injectCurrentContextInto","decl":{"start":{"line":147,"column":16},"end":{"line":147,"column":null}},"loc":{"start":{"line":149,"column":5},"end":{"line":152,"column":null}}},"4":{"name":"withSpan","decl":{"start":{"line":174,"column":22},"end":{"line":174,"column":null}},"loc":{"start":{"line":178,"column":14},"end":{"line":206,"column":null}}},"5":{"name":"(anonymous_5)","decl":{"start":{"line":184,"column":47},"end":{"line":184,"column":54}},"loc":{"start":{"line":184,"column":63},"end":{"line":205,"column":3}}},"6":{"name":"runInContext","decl":{"start":{"line":227,"column":16},"end":{"line":227,"column":null}},"loc":{"start":{"line":230,"column":5},"end":{"line":240,"column":null}}}},"branchMap":{"0":{"loc":{"start":{"line":48,"column":5},"end":{"line":49,"column":null}},"type":"binary-expr","locations":[{"start":{"line":48,"column":5},"end":{"line":48,"column":null}},{"start":{"line":49,"column":4},"end":{"line":49,"column":null}}]},"1":{"loc":{"start":{"line":51,"column":5},"end":{"line":52,"column":null}},"type":"binary-expr","locations":[{"start":{"line":51,"column":5},"end":{"line":51,"column":null}},{"start":{"line":52,"column":4},"end":{"line":52,"column":null}}]},"2":{"loc":{"start":{"line":53,"column":2},"end":{"line":53,"column":null}},"type":"if","locations":[{"start":{"line":53,"column":2},"end":{"line":53,"column":null}},{"start":{},"end":{}}]},"3":{"loc":{"start":{"line":53,"column":6},"end":{"line":53,"column":27}},"type":"binary-expr","locations":[{"start":{"line":53,"column":6},"end":{"line":53,"column":18}},{"start":{"line":53,"column":18},"end":{"line":53,"column":27}}]},"4":{"loc":{"start":{"line":81,"column":4},"end":{"line":83,"column":null}},"type":"cond-expr","locations":[{"start":{"line":82,"column":8},"end":{"line":82,"column":null}},{"start":{"line":83,"column":8},"end":{"line":83,"column":null}}]},"5":{"loc":{"start":{"line":85,"column":2},"end":{"line":85,"column":null}},"type":"if","locations":[{"start":{"line":85,"column":2},"end":{"line":85,"column":null}},{"start":{},"end":{}}]},"6":{"loc":{"start":{"line":91,"column":2},"end":{"line":91,"column":null}},"type":"if","locations":[{"start":{"line":91,"column":2},"end":{"line":91,"column":null}},{"start":{},"end":{}}]},"7":{"loc":{"start":{"line":91,"column":6},"end":{"line":91,"column":53}},"type":"binary-expr","locations":[{"start":{"line":91,"column":6},"end":{"line":91,"column":16}},{"start":{"line":91,"column":16},"end":{"line":91,"column":29}},{"start":{"line":91,"column":29},"end":{"line":91,"column":42}},{"start":{"line":91,"column":42},"end":{"line":91,"column":53}}]},"8":{"loc":{"start":{"line":125,"column":8},"end":{"line":128,"column":null}},"type":"binary-expr","locations":[{"start":{"line":125,"column":8},"end":{"line":125,"column":21}},{"start":{"line":125,"column":21},"end":{"line":128,"column":null}}]},"9":{"loc":{"start":{"line":185,"column":4},"end":{"line":187,"column":null}},"type":"if","locations":[{"start":{"line":185,"column":4},"end":{"line":187,"column":null}},{"start":{},"end":{}}]},"10":{"loc":{"start":{"line":195,"column":8},"end":{"line":195,"column":null}},"type":"cond-expr","locations":[{"start":{"line":195,"column":33},"end":{"line":195,"column":41}},{"start":{"line":195,"column":41},"end":{"line":195,"column":null}}]},"11":{"loc":{"start":{"line":199,"column":17},"end":{"line":199,"column":null}},"type":"cond-expr","locations":[{"start":{"line":199,"column":42},"end":{"line":199,"column":58}},{"start":{"line":199,"column":58},"end":{"line":199,"column":null}}]},"12":{"loc":{"start":{"line":232,"column":2},"end":{"line":234,"column":null}},"type":"if","locations":[{"start":{"line":232,"column":2},"end":{"line":234,"column":null}},{"start":{},"end":{}}]},"13":{"loc":{"start":{"line":232,"column":6},"end":{"line":232,"column":37}},"type":"binary-expr","locations":[{"start":{"line":232,"column":6},"end":{"line":232,"column":23}},{"start":{"line":232,"column":23},"end":{"line":232,"column":37}}]}},"s":{"0":7,"1":7,"2":7,"3":2,"4":5,"5":13,"6":13,"7":1,"8":12,"9":12,"10":4,"11":8,"12":3,"13":3,"14":3,"15":3,"16":6,"17":6,"18":6,"19":1,"20":6,"21":6,"22":3,"23":3,"24":3,"25":3,"26":3,"27":6,"28":6,"29":3,"30":3},"f":{"0":7,"1":13,"2":3,"3":3,"4":6,"5":6,"6":6},"b":{"0":[7,2],"1":[7,3],"2":[2,5],"3":[7,6],"4":[3,10],"5":[1,12],"6":[4,8],"7":[12,8,8,8],"8":[3,3],"9":[1,5],"10":[2,1],"11":[2,1],"12":[3,3],"13":[6,4]}}
,"/Users/casey/Developer/github/mcp-ts-template/src/utils/types/guards.ts": {"path":"/Users/casey/Developer/github/mcp-ts-template/src/utils/types/guards.ts","statementMap":{"0":{"start":{"line":24,"column":2},"end":{"line":24,"column":null}},"1":{"start":{"line":42,"column":2},"end":{"line":42,"column":null}},"2":{"start":{"line":64,"column":2},"end":{"line":64,"column":null}},"3":{"start":{"line":88,"column":2},"end":{"line":88,"column":null}},"4":{"start":{"line":98,"column":2},"end":{"line":98,"column":null}},"5":{"start":{"line":108,"column":2},"end":{"line":108,"column":null}},"6":{"start":{"line":131,"column":2},"end":{"line":134,"column":null}},"7":{"start":{"line":154,"column":2},"end":{"line":154,"column":null}},"8":{"start":{"line":173,"column":2},"end":{"line":173,"column":null}},"9":{"start":{"line":193,"column":2},"end":{"line":193,"column":null}},"10":{"start":{"line":216,"column":16},"end":{"line":216,"column":null}},"11":{"start":{"line":217,"column":2},"end":{"line":217,"column":null}},"12":{"start":{"line":231,"column":16},"end":{"line":231,"column":null}},"13":{"start":{"line":232,"column":2},"end":{"line":232,"column":null}}},"fnMap":{"0":{"name":"isObject","decl":{"start":{"line":23,"column":16},"end":{"line":23,"column":25}},"loc":{"start":{"line":23,"column":58},"end":{"line":25,"column":null}}},"1":{"name":"isRecord","decl":{"start":{"line":41,"column":16},"end":{"line":41,"column":25}},"loc":{"start":{"line":41,"column":75},"end":{"line":43,"column":null}}},"2":{"name":"hasProperty","decl":{"start":{"line":60,"column":16},"end":{"line":60,"column":null}},"loc":{"start":{"line":63,"column":29},"end":{"line":65,"column":null}}},"3":{"name":"hasPropertyOfType","decl":{"start":{"line":83,"column":16},"end":{"line":83,"column":null}},"loc":{"start":{"line":87,"column":23},"end":{"line":89,"column":null}}},"4":{"name":"isString","decl":{"start":{"line":97,"column":16},"end":{"line":97,"column":25}},"loc":{"start":{"line":97,"column":58},"end":{"line":99,"column":null}}},"5":{"name":"isNumber","decl":{"start":{"line":107,"column":16},"end":{"line":107,"column":25}},"loc":{"start":{"line":107,"column":58},"end":{"line":109,"column":null}}},"6":{"name":"isAggregateError","decl":{"start":{"line":128,"column":16},"end":{"line":128,"column":null}},"loc":{"start":{"line":130,"column":42},"end":{"line":136,"column":null}}},"7":{"name":"isErrorWithCode","decl":{"start":{"line":151,"column":16},"end":{"line":151,"column":null}},"loc":{"start":{"line":153,"column":38},"end":{"line":155,"column":null}}},"8":{"name":"isErrorWithStatus","decl":{"start":{"line":170,"column":16},"end":{"line":170,"column":null}},"loc":{"start":{"line":172,"column":40},"end":{"line":174,"column":null}}},"9":{"name":"getProperty","decl":{"start":{"line":189,"column":16},"end":{"line":189,"column":null}},"loc":{"start":{"line":192,"column":11},"end":{"line":194,"column":null}}},"10":{"name":"getStringProperty","decl":{"start":{"line":212,"column":16},"end":{"line":212,"column":null}},"loc":{"start":{"line":215,"column":22},"end":{"line":218,"column":null}}},"11":{"name":"getNumberProperty","decl":{"start":{"line":227,"column":16},"end":{"line":227,"column":null}},"loc":{"start":{"line":230,"column":22},"end":{"line":233,"column":null}}}},"branchMap":{"0":{"loc":{"start":{"line":24,"column":9},"end":{"line":24,"column":null}},"type":"binary-expr","locations":[{"start":{"line":24,"column":9},"end":{"line":24,"column":38}},{"start":{"line":24,"column":38},"end":{"line":24,"column":56}},{"start":{"line":24,"column":56},"end":{"line":24,"column":null}}]},"1":{"loc":{"start":{"line":64,"column":9},"end":{"line":64,"column":null}},"type":"binary-expr","locations":[{"start":{"line":64,"column":9},"end":{"line":64,"column":26}},{"start":{"line":64,"column":26},"end":{"line":64,"column":null}}]},"2":{"loc":{"start":{"line":88,"column":9},"end":{"line":88,"column":null}},"type":"binary-expr","locations":[{"start":{"line":88,"column":9},"end":{"line":88,"column":34}},{"start":{"line":88,"column":34},"end":{"line":88,"column":null}}]},"3":{"loc":{"start":{"line":108,"column":9},"end":{"line":108,"column":null}},"type":"binary-expr","locations":[{"start":{"line":108,"column":9},"end":{"line":108,"column":38}},{"start":{"line":108,"column":38},"end":{"line":108,"column":null}}]},"4":{"loc":{"start":{"line":132,"column":4},"end":{"line":134,"column":null}},"type":"binary-expr","locations":[{"start":{"line":132,"column":4},"end":{"line":132,"column":null}},{"start":{"line":133,"column":4},"end":{"line":133,"column":null}},{"start":{"line":134,"column":4},"end":{"line":134,"column":null}}]},"5":{"loc":{"start":{"line":154,"column":9},"end":{"line":154,"column":null}},"type":"binary-expr","locations":[{"start":{"line":154,"column":9},"end":{"line":154,"column":35}},{"start":{"line":154,"column":35},"end":{"line":154,"column":null}}]},"6":{"loc":{"start":{"line":173,"column":9},"end":{"line":173,"column":null}},"type":"binary-expr","locations":[{"start":{"line":173,"column":9},"end":{"line":173,"column":35}},{"start":{"line":173,"column":35},"end":{"line":173,"column":null}}]},"7":{"loc":{"start":{"line":193,"column":9},"end":{"line":193,"column":null}},"type":"cond-expr","locations":[{"start":{"line":193,"column":33},"end":{"line":193,"column":44}},{"start":{"line":193,"column":44},"end":{"line":193,"column":null}}]},"8":{"loc":{"start":{"line":217,"column":9},"end":{"line":217,"column":null}},"type":"cond-expr","locations":[{"start":{"line":217,"column":27},"end":{"line":217,"column":35}},{"start":{"line":217,"column":35},"end":{"line":217,"column":null}}]},"9":{"loc":{"start":{"line":232,"column":9},"end":{"line":232,"column":null}},"type":"cond-expr","locations":[{"start":{"line":232,"column":27},"end":{"line":232,"column":35}},{"start":{"line":232,"column":35},"end":{"line":232,"column":null}}]}},"s":{"0":425,"1":136,"2":276,"3":9,"4":25,"5":29,"6":201,"7":6,"8":6,"9":53,"10":12,"11":12,"12":13,"13":13},"f":{"0":425,"1":136,"2":276,"3":9,"4":25,"5":29,"6":201,"7":6,"8":6,"9":53,"10":12,"11":13},"b":{"0":[425,403,396],"1":[276,260],"2":[9,6],"3":[29,15],"4":[201,197,7],"5":[6,3],"6":[6,3],"7":[38,15],"8":[4,8],"9":[5,8]}}
}
